{"/home/uzair-sajjad/Projects/wizdaa-assessment/src/app.module.js": {"path":"/home/uzair-sajjad/Projects/wizdaa-assessment/src/app.module.js","statementMap":{"0":{"start":{"line":1,"column":51},"end":{"line":1,"column":76}},"1":{"start":{"line":2,"column":25},"end":{"line":2,"column":50}},"2":{"start":{"line":3,"column":26},"end":{"line":3,"column":52}},"3":{"start":{"line":4,"column":30},"end":{"line":4,"column":65}},"4":{"start":{"line":5,"column":27},"end":{"line":5,"column":72}},"5":{"start":{"line":6,"column":26},"end":{"line":6,"column":69}},"6":{"start":{"line":7,"column":31},"end":{"line":7,"column":86}},"7":{"start":{"line":8,"column":26},"end":{"line":8,"column":71}},"8":{"start":{"line":9,"column":34},"end":{"line":9,"column":87}},"9":{"start":{"line":22,"column":8},"end":{"line":24,"column":54}},"10":{"start":{"line":28,"column":0},"end":{"line":45,"column":2}},"11":{"start":{"line":47,"column":0},"end":{"line":47,"column":31}}},"fnMap":{"0":{"name":"(anonymous_0)","decl":{"start":{"line":20,"column":4},"end":{"line":20,"column":5}},"loc":{"start":{"line":20,"column":24},"end":{"line":25,"column":5}},"line":20}},"branchMap":{},"s":{"0":0,"1":0,"2":0,"3":0,"4":0,"5":0,"6":0,"7":0,"8":0,"9":0,"10":0,"11":0},"f":{"0":0},"b":{}}
,"/home/uzair-sajjad/Projects/wizdaa-assessment/src/common/enums/index.js": {"path":"/home/uzair-sajjad/Projects/wizdaa-assessment/src/common/enums/index.js","statementMap":{"0":{"start":{"line":10,"column":18},"end":{"line":18,"column":2}},"1":{"start":{"line":29,"column":27},"end":{"line":34,"column":2}},"2":{"start":{"line":43,"column":22},"end":{"line":48,"column":2}},"3":{"start":{"line":53,"column":17},"end":{"line":56,"column":2}},"4":{"start":{"line":62,"column":19},"end":{"line":67,"column":2}},"5":{"start":{"line":69,"column":0},"end":{"line":75,"column":2}}},"fnMap":{},"branchMap":{},"s":{"0":2,"1":2,"2":2,"3":2,"4":2,"5":2},"f":{},"b":{},"_coverageSchema":"1a1c01bbd47fc00a2c39e90264f33305004495a9","hash":"6404a38cf61c7b373d496f38f83333818c79016c"}
,"/home/uzair-sajjad/Projects/wizdaa-assessment/src/common/filters/http-exception.filter.js": {"path":"/home/uzair-sajjad/Projects/wizdaa-assessment/src/common/filters/http-exception.filter.js","statementMap":{"0":{"start":{"line":1,"column":45},"end":{"line":1,"column":70}},"1":{"start":{"line":8,"column":26},"end":{"line":82,"column":1}},"2":{"start":{"line":10,"column":20},"end":{"line":10,"column":39}},"3":{"start":{"line":11,"column":25},"end":{"line":11,"column":42}},"4":{"start":{"line":12,"column":24},"end":{"line":12,"column":40}},"5":{"start":{"line":14,"column":21},"end":{"line":14,"column":53}},"6":{"start":{"line":15,"column":22},"end":{"line":15,"column":45}},"7":{"start":{"line":16,"column":24},"end":{"line":16,"column":40}},"8":{"start":{"line":17,"column":22},"end":{"line":17,"column":26}},"9":{"start":{"line":19,"column":8},"end":{"line":46,"column":9}},"10":{"start":{"line":20,"column":12},"end":{"line":20,"column":43}},"11":{"start":{"line":21,"column":38},"end":{"line":21,"column":61}},"12":{"start":{"line":23,"column":12},"end":{"line":36,"column":13}},"13":{"start":{"line":24,"column":16},"end":{"line":24,"column":44}},"14":{"start":{"line":25,"column":19},"end":{"line":36,"column":13}},"15":{"start":{"line":26,"column":16},"end":{"line":26,"column":63}},"16":{"start":{"line":27,"column":16},"end":{"line":27,"column":91}},"17":{"start":{"line":28,"column":16},"end":{"line":28,"column":60}},"18":{"start":{"line":31,"column":16},"end":{"line":35,"column":17}},"19":{"start":{"line":32,"column":20},"end":{"line":32,"column":38}},"20":{"start":{"line":33,"column":20},"end":{"line":33,"column":50}},"21":{"start":{"line":34,"column":20},"end":{"line":34,"column":51}},"22":{"start":{"line":39,"column":12},"end":{"line":45,"column":15}},"23":{"start":{"line":48,"column":30},"end":{"line":61,"column":9}},"24":{"start":{"line":63,"column":8},"end":{"line":63,"column":52}},"25":{"start":{"line":70,"column":20},"end":{"line":79,"column":9}},"26":{"start":{"line":80,"column":8},"end":{"line":80,"column":47}},"27":{"start":{"line":84,"column":0},"end":{"line":84,"column":49}},"28":{"start":{"line":86,"column":0},"end":{"line":86,"column":41}}},"fnMap":{"0":{"name":"(anonymous_0)","decl":{"start":{"line":9,"column":4},"end":{"line":9,"column":5}},"loc":{"start":{"line":9,"column":27},"end":{"line":64,"column":5}},"line":9},"1":{"name":"(anonymous_1)","decl":{"start":{"line":69,"column":4},"end":{"line":69,"column":5}},"loc":{"start":{"line":69,"column":31},"end":{"line":81,"column":5}},"line":69}},"branchMap":{"0":{"loc":{"start":{"line":19,"column":8},"end":{"line":46,"column":9}},"type":"if","locations":[{"start":{"line":19,"column":8},"end":{"line":46,"column":9}},{"start":{"line":37,"column":15},"end":{"line":46,"column":9}}],"line":19},"1":{"loc":{"start":{"line":23,"column":12},"end":{"line":36,"column":13}},"type":"if","locations":[{"start":{"line":23,"column":12},"end":{"line":36,"column":13}},{"start":{"line":25,"column":19},"end":{"line":36,"column":13}}],"line":23},"2":{"loc":{"start":{"line":25,"column":19},"end":{"line":36,"column":13}},"type":"if","locations":[{"start":{"line":25,"column":19},"end":{"line":36,"column":13}},{"start":{},"end":{}}],"line":25},"3":{"loc":{"start":{"line":26,"column":26},"end":{"line":26,"column":62}},"type":"binary-expr","locations":[{"start":{"line":26,"column":26},"end":{"line":26,"column":51}},{"start":{"line":26,"column":55},"end":{"line":26,"column":62}}],"line":26},"4":{"loc":{"start":{"line":27,"column":28},"end":{"line":27,"column":90}},"type":"binary-expr","locations":[{"start":{"line":27,"column":28},"end":{"line":27,"column":55}},{"start":{"line":27,"column":59},"end":{"line":27,"column":90}}],"line":27},"5":{"loc":{"start":{"line":28,"column":26},"end":{"line":28,"column":59}},"type":"binary-expr","locations":[{"start":{"line":28,"column":26},"end":{"line":28,"column":51}},{"start":{"line":28,"column":55},"end":{"line":28,"column":59}}],"line":28},"6":{"loc":{"start":{"line":31,"column":16},"end":{"line":35,"column":17}},"type":"if","locations":[{"start":{"line":31,"column":16},"end":{"line":35,"column":17}},{"start":{},"end":{}}],"line":31},"7":{"loc":{"start":{"line":43,"column":23},"end":{"line":43,"column":60}},"type":"binary-expr","locations":[{"start":{"line":43,"column":23},"end":{"line":43,"column":41}},{"start":{"line":43,"column":45},"end":{"line":43,"column":60}}],"line":43},"8":{"loc":{"start":{"line":53,"column":20},"end":{"line":53,"column":42}},"type":"binary-expr","locations":[{"start":{"line":53,"column":20},"end":{"line":53,"column":27}},{"start":{"line":53,"column":31},"end":{"line":53,"column":42}}],"line":53},"9":{"loc":{"start":{"line":59,"column":27},"end":{"line":59,"column":66}},"type":"binary-expr","locations":[{"start":{"line":59,"column":27},"end":{"line":59,"column":58}},{"start":{"line":59,"column":62},"end":{"line":59,"column":66}}],"line":59},"10":{"loc":{"start":{"line":80,"column":15},"end":{"line":80,"column":46}},"type":"binary-expr","locations":[{"start":{"line":80,"column":15},"end":{"line":80,"column":26}},{"start":{"line":80,"column":30},"end":{"line":80,"column":46}}],"line":80}},"s":{"0":0,"1":0,"2":0,"3":0,"4":0,"5":0,"6":0,"7":0,"8":0,"9":0,"10":0,"11":0,"12":0,"13":0,"14":0,"15":0,"16":0,"17":0,"18":0,"19":0,"20":0,"21":0,"22":0,"23":0,"24":0,"25":0,"26":0,"27":0,"28":0},"f":{"0":0,"1":0},"b":{"0":[0,0],"1":[0,0],"2":[0,0],"3":[0,0],"4":[0,0],"5":[0,0],"6":[0,0],"7":[0,0],"8":[0,0],"9":[0,0],"10":[0,0]}}
,"/home/uzair-sajjad/Projects/wizdaa-assessment/src/common/guards/api-key.guard.js": {"path":"/home/uzair-sajjad/Projects/wizdaa-assessment/src/common/guards/api-key.guard.js","statementMap":{"0":{"start":{"line":1,"column":59},"end":{"line":1,"column":84}},"1":{"start":{"line":2,"column":26},"end":{"line":2,"column":51}},"2":{"start":{"line":3,"column":22},"end":{"line":3,"column":45}},"3":{"start":{"line":5,"column":19},"end":{"line":5,"column":29}},"4":{"start":{"line":11,"column":18},"end":{"line":14,"column":1}},"5":{"start":{"line":12,"column":28},"end":{"line":12,"column":53}},"6":{"start":{"line":13,"column":4},"end":{"line":13,"column":41}},"7":{"start":{"line":23,"column":18},"end":{"line":65,"column":1}},"8":{"start":{"line":25,"column":8},"end":{"line":25,"column":43}},"9":{"start":{"line":26,"column":8},"end":{"line":26,"column":35}},"10":{"start":{"line":31,"column":25},"end":{"line":34,"column":10}},"11":{"start":{"line":36,"column":8},"end":{"line":38,"column":9}},"12":{"start":{"line":37,"column":12},"end":{"line":37,"column":24}},"13":{"start":{"line":40,"column":24},"end":{"line":40,"column":59}},"14":{"start":{"line":41,"column":23},"end":{"line":41,"column":51}},"15":{"start":{"line":42,"column":25},"end":{"line":42,"column":58}},"16":{"start":{"line":44,"column":8},"end":{"line":47,"column":9}},"17":{"start":{"line":46,"column":12},"end":{"line":46,"column":24}},"18":{"start":{"line":49,"column":8},"end":{"line":54,"column":9}},"19":{"start":{"line":50,"column":12},"end":{"line":53,"column":15}},"20":{"start":{"line":56,"column":8},"end":{"line":61,"column":9}},"21":{"start":{"line":57,"column":12},"end":{"line":60,"column":15}},"22":{"start":{"line":63,"column":8},"end":{"line":63,"column":20}},"23":{"start":{"line":67,"column":0},"end":{"line":67,"column":46}},"24":{"start":{"line":69,"column":0},"end":{"line":69,"column":56}}},"fnMap":{"0":{"name":"(anonymous_0)","decl":{"start":{"line":11,"column":18},"end":{"line":11,"column":19}},"loc":{"start":{"line":11,"column":24},"end":{"line":14,"column":1}},"line":11},"1":{"name":"(anonymous_1)","decl":{"start":{"line":24,"column":4},"end":{"line":24,"column":5}},"loc":{"start":{"line":24,"column":42},"end":{"line":27,"column":5}},"line":24},"2":{"name":"(anonymous_2)","decl":{"start":{"line":29,"column":4},"end":{"line":29,"column":5}},"loc":{"start":{"line":29,"column":25},"end":{"line":64,"column":5}},"line":29}},"branchMap":{"0":{"loc":{"start":{"line":36,"column":8},"end":{"line":38,"column":9}},"type":"if","locations":[{"start":{"line":36,"column":8},"end":{"line":38,"column":9}},{"start":{},"end":{}}],"line":36},"1":{"loc":{"start":{"line":44,"column":8},"end":{"line":47,"column":9}},"type":"if","locations":[{"start":{"line":44,"column":8},"end":{"line":47,"column":9}},{"start":{},"end":{}}],"line":44},"2":{"loc":{"start":{"line":49,"column":8},"end":{"line":54,"column":9}},"type":"if","locations":[{"start":{"line":49,"column":8},"end":{"line":54,"column":9}},{"start":{},"end":{}}],"line":49},"3":{"loc":{"start":{"line":56,"column":8},"end":{"line":61,"column":9}},"type":"if","locations":[{"start":{"line":56,"column":8},"end":{"line":61,"column":9}},{"start":{},"end":{}}],"line":56}},"s":{"0":0,"1":0,"2":0,"3":0,"4":0,"5":0,"6":0,"7":0,"8":0,"9":0,"10":0,"11":0,"12":0,"13":0,"14":0,"15":0,"16":0,"17":0,"18":0,"19":0,"20":0,"21":0,"22":0,"23":0,"24":0},"f":{"0":0,"1":0,"2":0},"b":{"0":[0,0],"1":[0,0],"2":[0,0],"3":[0,0]}}
,"/home/uzair-sajjad/Projects/wizdaa-assessment/src/common/interceptors/logging.interceptor.js": {"path":"/home/uzair-sajjad/Projects/wizdaa-assessment/src/common/interceptors/logging.interceptor.js","statementMap":{"0":{"start":{"line":1,"column":31},"end":{"line":1,"column":56}},"1":{"start":{"line":2,"column":16},"end":{"line":2,"column":41}},"2":{"start":{"line":12,"column":25},"end":{"line":52,"column":1}},"3":{"start":{"line":14,"column":8},"end":{"line":14,"column":41}},"4":{"start":{"line":18,"column":24},"end":{"line":18,"column":59}},"5":{"start":{"line":19,"column":38},"end":{"line":19,"column":45}},"6":{"start":{"line":20,"column":26},"end":{"line":20,"column":66}},"7":{"start":{"line":21,"column":26},"end":{"line":21,"column":36}},"8":{"start":{"line":23,"column":8},"end":{"line":25,"column":10}},"9":{"start":{"line":28,"column":8},"end":{"line":33,"column":9}},"10":{"start":{"line":29,"column":30},"end":{"line":29,"column":41}},"11":{"start":{"line":30,"column":12},"end":{"line":30,"column":38}},"12":{"start":{"line":31,"column":12},"end":{"line":31,"column":35}},"13":{"start":{"line":32,"column":12},"end":{"line":32,"column":69}},"14":{"start":{"line":35,"column":8},"end":{"line":50,"column":10}},"15":{"start":{"line":38,"column":36},"end":{"line":38,"column":58}},"16":{"start":{"line":39,"column":20},"end":{"line":41,"column":22}},"17":{"start":{"line":44,"column":36},"end":{"line":44,"column":58}},"18":{"start":{"line":45,"column":20},"end":{"line":47,"column":22}},"19":{"start":{"line":54,"column":0},"end":{"line":54,"column":53}},"20":{"start":{"line":56,"column":0},"end":{"line":56,"column":40}}},"fnMap":{"0":{"name":"(anonymous_0)","decl":{"start":{"line":13,"column":4},"end":{"line":13,"column":5}},"loc":{"start":{"line":13,"column":18},"end":{"line":15,"column":5}},"line":13},"1":{"name":"(anonymous_1)","decl":{"start":{"line":17,"column":4},"end":{"line":17,"column":5}},"loc":{"start":{"line":17,"column":29},"end":{"line":51,"column":5}},"line":17},"2":{"name":"(anonymous_2)","decl":{"start":{"line":37,"column":22},"end":{"line":37,"column":23}},"loc":{"start":{"line":37,"column":28},"end":{"line":42,"column":17}},"line":37},"3":{"name":"(anonymous_3)","decl":{"start":{"line":43,"column":23},"end":{"line":43,"column":24}},"loc":{"start":{"line":43,"column":34},"end":{"line":48,"column":17}},"line":43}},"branchMap":{"0":{"loc":{"start":{"line":20,"column":26},"end":{"line":20,"column":66}},"type":"binary-expr","locations":[{"start":{"line":20,"column":26},"end":{"line":20,"column":57}},{"start":{"line":20,"column":61},"end":{"line":20,"column":66}}],"line":20},"1":{"loc":{"start":{"line":28,"column":8},"end":{"line":33,"column":9}},"type":"if","locations":[{"start":{"line":28,"column":8},"end":{"line":33,"column":9}},{"start":{},"end":{}}],"line":28},"2":{"loc":{"start":{"line":28,"column":12},"end":{"line":28,"column":61}},"type":"binary-expr","locations":[{"start":{"line":28,"column":12},"end":{"line":28,"column":53}},{"start":{"line":28,"column":57},"end":{"line":28,"column":61}}],"line":28}},"s":{"0":0,"1":0,"2":0,"3":0,"4":0,"5":0,"6":0,"7":0,"8":0,"9":0,"10":0,"11":0,"12":0,"13":0,"14":0,"15":0,"16":0,"17":0,"18":0,"19":0,"20":0},"f":{"0":0,"1":0,"2":0,"3":0},"b":{"0":[0,0],"1":[0,0],"2":[0,0]}}
,"/home/uzair-sajjad/Projects/wizdaa-assessment/src/common/interceptors/transform.interceptor.js": {"path":"/home/uzair-sajjad/Projects/wizdaa-assessment/src/common/interceptors/transform.interceptor.js","statementMap":{"0":{"start":{"line":1,"column":36},"end":{"line":1,"column":61}},"1":{"start":{"line":2,"column":16},"end":{"line":2,"column":41}},"2":{"start":{"line":15,"column":27},"end":{"line":31,"column":1}},"3":{"start":{"line":17,"column":24},"end":{"line":17,"column":59}},"4":{"start":{"line":19,"column":8},"end":{"line":29,"column":10}},"5":{"start":{"line":20,"column":27},"end":{"line":28,"column":13}},"6":{"start":{"line":33,"column":0},"end":{"line":33,"column":55}},"7":{"start":{"line":35,"column":0},"end":{"line":35,"column":42}}},"fnMap":{"0":{"name":"(anonymous_0)","decl":{"start":{"line":16,"column":4},"end":{"line":16,"column":5}},"loc":{"start":{"line":16,"column":29},"end":{"line":30,"column":5}},"line":16},"1":{"name":"(anonymous_1)","decl":{"start":{"line":20,"column":16},"end":{"line":20,"column":17}},"loc":{"start":{"line":20,"column":27},"end":{"line":28,"column":13}},"line":20}},"branchMap":{"0":{"loc":{"start":{"line":26,"column":31},"end":{"line":26,"column":70}},"type":"binary-expr","locations":[{"start":{"line":26,"column":31},"end":{"line":26,"column":62}},{"start":{"line":26,"column":66},"end":{"line":26,"column":70}}],"line":26}},"s":{"0":0,"1":0,"2":0,"3":0,"4":0,"5":0,"6":0,"7":0},"f":{"0":0,"1":0},"b":{"0":[0,0]}}
,"/home/uzair-sajjad/Projects/wizdaa-assessment/src/common/middleware/idempotency.middleware.js": {"path":"/home/uzair-sajjad/Projects/wizdaa-assessment/src/common/middleware/idempotency.middleware.js","statementMap":{"0":{"start":{"line":6,"column":4},"end":{"line":6,"column":29}},"1":{"start":{"line":23,"column":28},"end":{"line":102,"column":1}},"2":{"start":{"line":25,"column":8},"end":{"line":25,"column":58}},"3":{"start":{"line":27,"column":8},"end":{"line":27,"column":39}},"4":{"start":{"line":30,"column":8},"end":{"line":30,"column":83}},"5":{"start":{"line":30,"column":50},"end":{"line":30,"column":65}},"6":{"start":{"line":35,"column":8},"end":{"line":37,"column":9}},"7":{"start":{"line":36,"column":12},"end":{"line":36,"column":26}},"8":{"start":{"line":39,"column":31},"end":{"line":39,"column":63}},"9":{"start":{"line":42,"column":8},"end":{"line":44,"column":9}},"10":{"start":{"line":43,"column":12},"end":{"line":43,"column":26}},"11":{"start":{"line":47,"column":25},"end":{"line":47,"column":63}},"12":{"start":{"line":48,"column":8},"end":{"line":62,"column":9}},"13":{"start":{"line":49,"column":12},"end":{"line":51,"column":14}},"14":{"start":{"line":52,"column":12},"end":{"line":61,"column":15}},"15":{"start":{"line":65,"column":29},"end":{"line":65,"column":47}},"16":{"start":{"line":66,"column":8},"end":{"line":75,"column":10}},"17":{"start":{"line":68,"column":12},"end":{"line":73,"column":13}},"18":{"start":{"line":69,"column":16},"end":{"line":72,"column":19}},"19":{"start":{"line":74,"column":12},"end":{"line":74,"column":38}},"20":{"start":{"line":78,"column":8},"end":{"line":78,"column":44}},"21":{"start":{"line":80,"column":8},"end":{"line":80,"column":15}},"22":{"start":{"line":87,"column":25},"end":{"line":87,"column":44}},"23":{"start":{"line":88,"column":20},"end":{"line":88,"column":30}},"24":{"start":{"line":89,"column":22},"end":{"line":89,"column":23}},"25":{"start":{"line":91,"column":8},"end":{"line":96,"column":9}},"26":{"start":{"line":92,"column":12},"end":{"line":95,"column":13}},"27":{"start":{"line":93,"column":16},"end":{"line":93,"column":47}},"28":{"start":{"line":94,"column":16},"end":{"line":94,"column":26}},"29":{"start":{"line":98,"column":8},"end":{"line":100,"column":9}},"30":{"start":{"line":99,"column":12},"end":{"line":99,"column":78}},"31":{"start":{"line":104,"column":0},"end":{"line":104,"column":56}},"32":{"start":{"line":106,"column":0},"end":{"line":106,"column":43}}},"fnMap":{"0":{"name":"(anonymous_0)","decl":{"start":{"line":24,"column":4},"end":{"line":24,"column":5}},"loc":{"start":{"line":24,"column":18},"end":{"line":31,"column":5}},"line":24},"1":{"name":"(anonymous_1)","decl":{"start":{"line":30,"column":44},"end":{"line":30,"column":45}},"loc":{"start":{"line":30,"column":50},"end":{"line":30,"column":65}},"line":30},"2":{"name":"(anonymous_2)","decl":{"start":{"line":33,"column":4},"end":{"line":33,"column":5}},"loc":{"start":{"line":33,"column":24},"end":{"line":81,"column":5}},"line":33},"3":{"name":"(anonymous_3)","decl":{"start":{"line":66,"column":19},"end":{"line":66,"column":20}},"loc":{"start":{"line":66,"column":29},"end":{"line":75,"column":9}},"line":66},"4":{"name":"(anonymous_4)","decl":{"start":{"line":86,"column":4},"end":{"line":86,"column":5}},"loc":{"start":{"line":86,"column":15},"end":{"line":101,"column":5}},"line":86}},"branchMap":{"0":{"loc":{"start":{"line":35,"column":8},"end":{"line":37,"column":9}},"type":"if","locations":[{"start":{"line":35,"column":8},"end":{"line":37,"column":9}},{"start":{},"end":{}}],"line":35},"1":{"loc":{"start":{"line":42,"column":8},"end":{"line":44,"column":9}},"type":"if","locations":[{"start":{"line":42,"column":8},"end":{"line":44,"column":9}},{"start":{},"end":{}}],"line":42},"2":{"loc":{"start":{"line":48,"column":8},"end":{"line":62,"column":9}},"type":"if","locations":[{"start":{"line":48,"column":8},"end":{"line":62,"column":9}},{"start":{},"end":{}}],"line":48},"3":{"loc":{"start":{"line":68,"column":12},"end":{"line":73,"column":13}},"type":"if","locations":[{"start":{"line":68,"column":12},"end":{"line":73,"column":13}},{"start":{},"end":{}}],"line":68},"4":{"loc":{"start":{"line":68,"column":16},"end":{"line":68,"column":75}},"type":"binary-expr","locations":[{"start":{"line":68,"column":16},"end":{"line":68,"column":37}},{"start":{"line":68,"column":41},"end":{"line":68,"column":61}},{"start":{"line":68,"column":65},"end":{"line":68,"column":75}}],"line":68},"5":{"loc":{"start":{"line":92,"column":12},"end":{"line":95,"column":13}},"type":"if","locations":[{"start":{"line":92,"column":12},"end":{"line":95,"column":13}},{"start":{},"end":{}}],"line":92},"6":{"loc":{"start":{"line":98,"column":8},"end":{"line":100,"column":9}},"type":"if","locations":[{"start":{"line":98,"column":8},"end":{"line":100,"column":9}},{"start":{},"end":{}}],"line":98}},"s":{"0":0,"1":0,"2":0,"3":0,"4":0,"5":0,"6":0,"7":0,"8":0,"9":0,"10":0,"11":0,"12":0,"13":0,"14":0,"15":0,"16":0,"17":0,"18":0,"19":0,"20":0,"21":0,"22":0,"23":0,"24":0,"25":0,"26":0,"27":0,"28":0,"29":0,"30":0,"31":0,"32":0},"f":{"0":0,"1":0,"2":0,"3":0,"4":0},"b":{"0":[0,0],"1":[0,0],"2":[0,0],"3":[0,0],"4":[0,0,0],"5":[0,0],"6":[0,0]}}
,"/home/uzair-sajjad/Projects/wizdaa-assessment/src/common/utils/date.utils.js": {"path":"/home/uzair-sajjad/Projects/wizdaa-assessment/src/common/utils/date.utils.js","statementMap":{"0":{"start":{"line":16,"column":18},"end":{"line":16,"column":37}},"1":{"start":{"line":17,"column":16},"end":{"line":17,"column":33}},"2":{"start":{"line":20,"column":4},"end":{"line":20,"column":31}},"3":{"start":{"line":21,"column":4},"end":{"line":21,"column":29}},"4":{"start":{"line":23,"column":4},"end":{"line":25,"column":5}},"5":{"start":{"line":24,"column":8},"end":{"line":24,"column":17}},"6":{"start":{"line":27,"column":16},"end":{"line":27,"column":17}},"7":{"start":{"line":28,"column":20},"end":{"line":28,"column":35}},"8":{"start":{"line":30,"column":4},"end":{"line":36,"column":5}},"9":{"start":{"line":31,"column":26},"end":{"line":31,"column":42}},"10":{"start":{"line":32,"column":8},"end":{"line":34,"column":9}},"11":{"start":{"line":33,"column":12},"end":{"line":33,"column":20}},"12":{"start":{"line":35,"column":8},"end":{"line":35,"column":47}},"13":{"start":{"line":38,"column":4},"end":{"line":38,"column":17}},"14":{"start":{"line":54,"column":18},"end":{"line":54,"column":37}},"15":{"start":{"line":55,"column":16},"end":{"line":55,"column":33}},"16":{"start":{"line":56,"column":18},"end":{"line":56,"column":28}},"17":{"start":{"line":57,"column":4},"end":{"line":57,"column":31}},"18":{"start":{"line":59,"column":4},"end":{"line":61,"column":5}},"19":{"start":{"line":60,"column":8},"end":{"line":60,"column":90}},"20":{"start":{"line":63,"column":4},"end":{"line":65,"column":5}},"21":{"start":{"line":64,"column":8},"end":{"line":64,"column":76}},"22":{"start":{"line":67,"column":4},"end":{"line":69,"column":5}},"23":{"start":{"line":68,"column":8},"end":{"line":68,"column":83}},"24":{"start":{"line":71,"column":22},"end":{"line":71,"column":55}},"25":{"start":{"line":72,"column":4},"end":{"line":77,"column":5}},"26":{"start":{"line":73,"column":8},"end":{"line":76,"column":10}},"27":{"start":{"line":79,"column":4},"end":{"line":81,"column":5}},"28":{"start":{"line":80,"column":8},"end":{"line":80,"column":80}},"29":{"start":{"line":83,"column":4},"end":{"line":83,"column":27}},"30":{"start":{"line":92,"column":14},"end":{"line":92,"column":28}},"31":{"start":{"line":93,"column":4},"end":{"line":93,"column":41}},"32":{"start":{"line":96,"column":0},"end":{"line":100,"column":2}}},"fnMap":{"0":{"name":"calculateBusinessDays","decl":{"start":{"line":15,"column":9},"end":{"line":15,"column":30}},"loc":{"start":{"line":15,"column":51},"end":{"line":39,"column":1}},"line":15},"1":{"name":"validateDateRange","decl":{"start":{"line":53,"column":9},"end":{"line":53,"column":26}},"loc":{"start":{"line":53,"column":61},"end":{"line":84,"column":1}},"line":53},"2":{"name":"normalizeDate","decl":{"start":{"line":91,"column":9},"end":{"line":91,"column":22}},"loc":{"start":{"line":91,"column":29},"end":{"line":94,"column":1}},"line":91}},"branchMap":{"0":{"loc":{"start":{"line":23,"column":4},"end":{"line":25,"column":5}},"type":"if","locations":[{"start":{"line":23,"column":4},"end":{"line":25,"column":5}},{"start":{},"end":{}}],"line":23},"1":{"loc":{"start":{"line":32,"column":8},"end":{"line":34,"column":9}},"type":"if","locations":[{"start":{"line":32,"column":8},"end":{"line":34,"column":9}},{"start":{},"end":{}}],"line":32},"2":{"loc":{"start":{"line":32,"column":12},"end":{"line":32,"column":46}},"type":"binary-expr","locations":[{"start":{"line":32,"column":12},"end":{"line":32,"column":27}},{"start":{"line":32,"column":31},"end":{"line":32,"column":46}}],"line":32},"3":{"loc":{"start":{"line":53,"column":47},"end":{"line":53,"column":59}},"type":"default-arg","locations":[{"start":{"line":53,"column":57},"end":{"line":53,"column":59}}],"line":53},"4":{"loc":{"start":{"line":59,"column":4},"end":{"line":61,"column":5}},"type":"if","locations":[{"start":{"line":59,"column":4},"end":{"line":61,"column":5}},{"start":{},"end":{}}],"line":59},"5":{"loc":{"start":{"line":59,"column":8},"end":{"line":59,"column":54}},"type":"binary-expr","locations":[{"start":{"line":59,"column":8},"end":{"line":59,"column":30}},{"start":{"line":59,"column":34},"end":{"line":59,"column":54}}],"line":59},"6":{"loc":{"start":{"line":63,"column":4},"end":{"line":65,"column":5}},"type":"if","locations":[{"start":{"line":63,"column":4},"end":{"line":65,"column":5}},{"start":{},"end":{}}],"line":63},"7":{"loc":{"start":{"line":67,"column":4},"end":{"line":69,"column":5}},"type":"if","locations":[{"start":{"line":67,"column":4},"end":{"line":69,"column":5}},{"start":{},"end":{}}],"line":67},"8":{"loc":{"start":{"line":72,"column":4},"end":{"line":77,"column":5}},"type":"if","locations":[{"start":{"line":72,"column":4},"end":{"line":77,"column":5}},{"start":{},"end":{}}],"line":72},"9":{"loc":{"start":{"line":79,"column":4},"end":{"line":81,"column":5}},"type":"if","locations":[{"start":{"line":79,"column":4},"end":{"line":81,"column":5}},{"start":{},"end":{}}],"line":79}},"s":{"0":14,"1":14,"2":14,"3":14,"4":14,"5":1,"6":13,"7":13,"8":13,"9":123,"10":123,"11":93,"12":123,"13":13,"14":8,"15":8,"16":8,"17":8,"18":8,"19":1,"20":7,"21":0,"22":7,"23":2,"24":5,"25":5,"26":1,"27":4,"28":0,"29":4,"30":2,"31":2,"32":2},"f":{"0":14,"1":8,"2":2},"b":{"0":[1,13],"1":[93,30],"2":[123,112],"3":[7],"4":[1,7],"5":[8,7],"6":[0,7],"7":[2,5],"8":[1,4],"9":[0,4]},"_coverageSchema":"1a1c01bbd47fc00a2c39e90264f33305004495a9","hash":"183633ef54e299e8a657aa950c3bf81d247ac175"}
,"/home/uzair-sajjad/Projects/wizdaa-assessment/src/common/utils/retry.utils.js": {"path":"/home/uzair-sajjad/Projects/wizdaa-assessment/src/common/utils/retry.utils.js","statementMap":{"0":{"start":{"line":6,"column":19},"end":{"line":6,"column":44}},"1":{"start":{"line":8,"column":15},"end":{"line":8,"column":38}},"2":{"start":{"line":30,"column":8},"end":{"line":30,"column":15}},"3":{"start":{"line":28,"column":28},"end":{"line":28,"column":32}},"4":{"start":{"line":34,"column":4},"end":{"line":66,"column":5}},"5":{"start":{"line":34,"column":23},"end":{"line":34,"column":24}},"6":{"start":{"line":35,"column":8},"end":{"line":65,"column":9}},"7":{"start":{"line":36,"column":27},"end":{"line":36,"column":37}},"8":{"start":{"line":37,"column":12},"end":{"line":41,"column":13}},"9":{"start":{"line":38,"column":16},"end":{"line":40,"column":18}},"10":{"start":{"line":42,"column":12},"end":{"line":42,"column":26}},"11":{"start":{"line":44,"column":12},"end":{"line":44,"column":30}},"12":{"start":{"line":46,"column":12},"end":{"line":51,"column":13}},"13":{"start":{"line":47,"column":16},"end":{"line":49,"column":18}},"14":{"start":{"line":50,"column":16},"end":{"line":50,"column":28}},"15":{"start":{"line":54,"column":26},"end":{"line":57,"column":13}},"16":{"start":{"line":59,"column":12},"end":{"line":62,"column":14}},"17":{"start":{"line":64,"column":12},"end":{"line":64,"column":31}},"18":{"start":{"line":68,"column":4},"end":{"line":68,"column":20}},"19":{"start":{"line":80,"column":4},"end":{"line":82,"column":5}},"20":{"start":{"line":81,"column":8},"end":{"line":81,"column":20}},"21":{"start":{"line":84,"column":19},"end":{"line":84,"column":41}},"22":{"start":{"line":87,"column":4},"end":{"line":89,"column":5}},"23":{"start":{"line":88,"column":8},"end":{"line":88,"column":20}},"24":{"start":{"line":92,"column":4},"end":{"line":94,"column":5}},"25":{"start":{"line":93,"column":8},"end":{"line":93,"column":20}},"26":{"start":{"line":97,"column":4},"end":{"line":97,"column":17}},"27":{"start":{"line":101,"column":4},"end":{"line":101,"column":61}},"28":{"start":{"line":101,"column":36},"end":{"line":101,"column":59}},"29":{"start":{"line":104,"column":0},"end":{"line":108,"column":2}}},"fnMap":{"0":{"name":"retryWithBackoff","decl":{"start":{"line":23,"column":15},"end":{"line":23,"column":31}},"loc":{"start":{"line":23,"column":50},"end":{"line":69,"column":1}},"line":23},"1":{"name":"(anonymous_1)","decl":{"start":{"line":28,"column":22},"end":{"line":28,"column":23}},"loc":{"start":{"line":28,"column":28},"end":{"line":28,"column":32}},"line":28},"2":{"name":"isRetryableError","decl":{"start":{"line":78,"column":9},"end":{"line":78,"column":25}},"loc":{"start":{"line":78,"column":33},"end":{"line":98,"column":1}},"line":78},"3":{"name":"sleep","decl":{"start":{"line":100,"column":9},"end":{"line":100,"column":14}},"loc":{"start":{"line":100,"column":19},"end":{"line":102,"column":1}},"line":100},"4":{"name":"(anonymous_4)","decl":{"start":{"line":101,"column":23},"end":{"line":101,"column":24}},"loc":{"start":{"line":101,"column":36},"end":{"line":101,"column":59}},"line":101}},"branchMap":{"0":{"loc":{"start":{"line":23,"column":36},"end":{"line":23,"column":48}},"type":"default-arg","locations":[{"start":{"line":23,"column":46},"end":{"line":23,"column":48}}],"line":23},"1":{"loc":{"start":{"line":25,"column":8},"end":{"line":25,"column":22}},"type":"default-arg","locations":[{"start":{"line":25,"column":21},"end":{"line":25,"column":22}}],"line":25},"2":{"loc":{"start":{"line":26,"column":8},"end":{"line":26,"column":26}},"type":"default-arg","locations":[{"start":{"line":26,"column":22},"end":{"line":26,"column":26}}],"line":26},"3":{"loc":{"start":{"line":27,"column":8},"end":{"line":27,"column":26}},"type":"default-arg","locations":[{"start":{"line":27,"column":21},"end":{"line":27,"column":26}}],"line":27},"4":{"loc":{"start":{"line":28,"column":8},"end":{"line":28,"column":32}},"type":"default-arg","locations":[{"start":{"line":28,"column":22},"end":{"line":28,"column":32}}],"line":28},"5":{"loc":{"start":{"line":29,"column":8},"end":{"line":29,"column":35}},"type":"default-arg","locations":[{"start":{"line":29,"column":24},"end":{"line":29,"column":35}}],"line":29},"6":{"loc":{"start":{"line":37,"column":12},"end":{"line":41,"column":13}},"type":"if","locations":[{"start":{"line":37,"column":12},"end":{"line":41,"column":13}},{"start":{},"end":{}}],"line":37},"7":{"loc":{"start":{"line":46,"column":12},"end":{"line":51,"column":13}},"type":"if","locations":[{"start":{"line":46,"column":12},"end":{"line":51,"column":13}},{"start":{},"end":{}}],"line":46},"8":{"loc":{"start":{"line":46,"column":16},"end":{"line":46,"column":59}},"type":"binary-expr","locations":[{"start":{"line":46,"column":16},"end":{"line":46,"column":36}},{"start":{"line":46,"column":40},"end":{"line":46,"column":59}}],"line":46},"9":{"loc":{"start":{"line":80,"column":4},"end":{"line":82,"column":5}},"type":"if","locations":[{"start":{"line":80,"column":4},"end":{"line":82,"column":5}},{"start":{},"end":{}}],"line":80},"10":{"loc":{"start":{"line":87,"column":4},"end":{"line":89,"column":5}},"type":"if","locations":[{"start":{"line":87,"column":4},"end":{"line":89,"column":5}},{"start":{},"end":{}}],"line":87},"11":{"loc":{"start":{"line":92,"column":4},"end":{"line":94,"column":5}},"type":"if","locations":[{"start":{"line":92,"column":4},"end":{"line":94,"column":5}},{"start":{},"end":{}}],"line":92}},"s":{"0":2,"1":2,"2":4,"3":4,"4":4,"5":4,"6":8,"7":8,"8":2,"9":1,"10":2,"11":6,"12":6,"13":2,"14":2,"15":4,"16":4,"17":4,"18":0,"19":6,"20":1,"21":5,"22":5,"23":1,"24":4,"25":2,"26":2,"27":4,"28":4,"29":2},"f":{"0":4,"1":4,"2":6,"3":4,"4":4},"b":{"0":[0],"1":[0],"2":[0],"3":[4],"4":[3],"5":[0],"6":[1,1],"7":[2,4],"8":[6,5],"9":[1,5],"10":[1,4],"11":[2,2]},"_coverageSchema":"1a1c01bbd47fc00a2c39e90264f33305004495a9","hash":"419e9a0176bfe725fb0e182cf2c706af570a0c44"}
,"/home/uzair-sajjad/Projects/wizdaa-assessment/src/config/database.config.js": {"path":"/home/uzair-sajjad/Projects/wizdaa-assessment/src/config/database.config.js","statementMap":{"0":{"start":{"line":15,"column":13},"end":{"line":15,"column":28}},"1":{"start":{"line":16,"column":11},"end":{"line":16,"column":24}},"2":{"start":{"line":19,"column":19},"end":{"line":19,"column":65}},"3":{"start":{"line":20,"column":27},"end":{"line":20,"column":47}},"4":{"start":{"line":21,"column":18},"end":{"line":21,"column":46}},"5":{"start":{"line":24,"column":4},"end":{"line":26,"column":5}},"6":{"start":{"line":25,"column":8},"end":{"line":25,"column":49}},"7":{"start":{"line":28,"column":4},"end":{"line":40,"column":6}},"8":{"start":{"line":36,"column":12},"end":{"line":36,"column":44}},"9":{"start":{"line":37,"column":12},"end":{"line":37,"column":43}},"10":{"start":{"line":38,"column":12},"end":{"line":38,"column":45}},"11":{"start":{"line":43,"column":0},"end":{"line":43,"column":39}}},"fnMap":{"0":{"name":"getDatabaseConfig","decl":{"start":{"line":18,"column":9},"end":{"line":18,"column":26}},"loc":{"start":{"line":18,"column":29},"end":{"line":41,"column":1}},"line":18},"1":{"name":"(anonymous_1)","decl":{"start":{"line":35,"column":25},"end":{"line":35,"column":26}},"loc":{"start":{"line":35,"column":33},"end":{"line":39,"column":9}},"line":35}},"branchMap":{"0":{"loc":{"start":{"line":19,"column":19},"end":{"line":19,"column":65}},"type":"binary-expr","locations":[{"start":{"line":19,"column":19},"end":{"line":19,"column":38}},{"start":{"line":19,"column":42},"end":{"line":19,"column":65}}],"line":19},"1":{"loc":{"start":{"line":24,"column":4},"end":{"line":26,"column":5}},"type":"if","locations":[{"start":{"line":24,"column":4},"end":{"line":26,"column":5}},{"start":{},"end":{}}],"line":24}},"s":{"0":0,"1":0,"2":0,"3":0,"4":0,"5":0,"6":0,"7":0,"8":0,"9":0,"10":0,"11":0},"f":{"0":0,"1":0},"b":{"0":[0,0],"1":[0,0]}}
,"/home/uzair-sajjad/Projects/wizdaa-assessment/src/modules/balance/balance.controller.js": {"path":"/home/uzair-sajjad/Projects/wizdaa-assessment/src/modules/balance/balance.controller.js","statementMap":{"0":{"start":{"line":8,"column":4},"end":{"line":8,"column":29}},"1":{"start":{"line":9,"column":27},"end":{"line":9,"column":55}},"2":{"start":{"line":20,"column":8},"end":{"line":20,"column":45}},"3":{"start":{"line":24,"column":8},"end":{"line":24,"column":84}},"4":{"start":{"line":28,"column":8},"end":{"line":33,"column":9}},"5":{"start":{"line":29,"column":12},"end":{"line":32,"column":15}},"6":{"start":{"line":34,"column":24},"end":{"line":34,"column":95}},"7":{"start":{"line":35,"column":8},"end":{"line":40,"column":9}},"8":{"start":{"line":36,"column":12},"end":{"line":39,"column":15}},"9":{"start":{"line":41,"column":8},"end":{"line":41,"column":23}},"10":{"start":{"line":45,"column":0},"end":{"line":45,"column":68}},"11":{"start":{"line":48,"column":0},"end":{"line":48,"column":56}},"12":{"start":{"line":51,"column":0},"end":{"line":56,"column":2}},"13":{"start":{"line":57,"column":0},"end":{"line":57,"column":67}},"14":{"start":{"line":58,"column":0},"end":{"line":58,"column":67}},"15":{"start":{"line":61,"column":0},"end":{"line":66,"column":2}},"16":{"start":{"line":67,"column":0},"end":{"line":67,"column":66}},"17":{"start":{"line":68,"column":0},"end":{"line":68,"column":65}},"18":{"start":{"line":69,"column":0},"end":{"line":69,"column":66}},"19":{"start":{"line":71,"column":0},"end":{"line":71,"column":39}}},"fnMap":{"0":{"name":"(anonymous_0)","decl":{"start":{"line":19,"column":4},"end":{"line":19,"column":5}},"loc":{"start":{"line":19,"column":32},"end":{"line":21,"column":5}},"line":19},"1":{"name":"(anonymous_1)","decl":{"start":{"line":23,"column":4},"end":{"line":23,"column":5}},"loc":{"start":{"line":23,"column":46},"end":{"line":25,"column":5}},"line":23},"2":{"name":"(anonymous_2)","decl":{"start":{"line":27,"column":4},"end":{"line":27,"column":5}},"loc":{"start":{"line":27,"column":56},"end":{"line":42,"column":5}},"line":27}},"branchMap":{"0":{"loc":{"start":{"line":24,"column":59},"end":{"line":24,"column":82}},"type":"binary-expr","locations":[{"start":{"line":24,"column":59},"end":{"line":24,"column":69}},{"start":{"line":24,"column":73},"end":{"line":24,"column":82}}],"line":24},"1":{"loc":{"start":{"line":28,"column":8},"end":{"line":33,"column":9}},"type":"if","locations":[{"start":{"line":28,"column":8},"end":{"line":33,"column":9}},{"start":{},"end":{}}],"line":28},"2":{"loc":{"start":{"line":35,"column":8},"end":{"line":40,"column":9}},"type":"if","locations":[{"start":{"line":35,"column":8},"end":{"line":40,"column":9}},{"start":{},"end":{}}],"line":35}},"s":{"0":0,"1":0,"2":0,"3":0,"4":0,"5":0,"6":0,"7":0,"8":0,"9":0,"10":0,"11":0,"12":0,"13":0,"14":0,"15":0,"16":0,"17":0,"18":0,"19":0},"f":{"0":0,"1":0,"2":0},"b":{"0":[0,0],"1":[0,0],"2":[0,0]}}
,"/home/uzair-sajjad/Projects/wizdaa-assessment/src/modules/balance/balance.entity.js": {"path":"/home/uzair-sajjad/Projects/wizdaa-assessment/src/modules/balance/balance.entity.js","statementMap":{"0":{"start":{"line":1,"column":25},"end":{"line":1,"column":43}},"1":{"start":{"line":15,"column":21},"end":{"line":110,"column":2}},"2":{"start":{"line":112,"column":0},"end":{"line":112,"column":34}}},"fnMap":{},"branchMap":{},"s":{"0":2,"1":2,"2":2},"f":{},"b":{},"_coverageSchema":"1a1c01bbd47fc00a2c39e90264f33305004495a9","hash":"8bf4b351c8b4753ad9d3bb9c3975cda38bd56926"}
,"/home/uzair-sajjad/Projects/wizdaa-assessment/src/modules/balance/balance.module.js": {"path":"/home/uzair-sajjad/Projects/wizdaa-assessment/src/modules/balance/balance.module.js","statementMap":{"0":{"start":{"line":1,"column":19},"end":{"line":1,"column":44}},"1":{"start":{"line":2,"column":26},"end":{"line":2,"column":52}},"2":{"start":{"line":3,"column":25},"end":{"line":3,"column":52}},"3":{"start":{"line":4,"column":27},"end":{"line":4,"column":55}},"4":{"start":{"line":5,"column":30},"end":{"line":5,"column":61}},"5":{"start":{"line":9,"column":0},"end":{"line":19,"column":2}},"6":{"start":{"line":21,"column":0},"end":{"line":21,"column":35}}},"fnMap":{},"branchMap":{},"s":{"0":0,"1":0,"2":0,"3":0,"4":0,"5":0,"6":0},"f":{},"b":{}}
,"/home/uzair-sajjad/Projects/wizdaa-assessment/src/modules/balance/balance.service.js": {"path":"/home/uzair-sajjad/Projects/wizdaa-assessment/src/modules/balance/balance.service.js","statementMap":{"0":{"start":{"line":6,"column":4},"end":{"line":6,"column":29}},"1":{"start":{"line":7,"column":29},"end":{"line":7,"column":55}},"2":{"start":{"line":8,"column":23},"end":{"line":8,"column":38}},"3":{"start":{"line":9,"column":25},"end":{"line":9,"column":52}},"4":{"start":{"line":10,"column":23},"end":{"line":10,"column":52}},"5":{"start":{"line":24,"column":21},"end":{"line":314,"column":1}},"6":{"start":{"line":26,"column":8},"end":{"line":26,"column":51}},"7":{"start":{"line":27,"column":8},"end":{"line":27,"column":51}},"8":{"start":{"line":28,"column":8},"end":{"line":28,"column":36}},"9":{"start":{"line":39,"column":22},"end":{"line":39,"column":36}},"10":{"start":{"line":40,"column":8},"end":{"line":42,"column":9}},"11":{"start":{"line":41,"column":12},"end":{"line":41,"column":42}},"12":{"start":{"line":44,"column":25},"end":{"line":44,"column":69}},"13":{"start":{"line":46,"column":8},"end":{"line":49,"column":12}},"14":{"start":{"line":46,"column":36},"end":{"line":49,"column":9}},"15":{"start":{"line":60,"column":24},"end":{"line":62,"column":10}},"16":{"start":{"line":64,"column":8},"end":{"line":66,"column":9}},"17":{"start":{"line":65,"column":12},"end":{"line":65,"column":68}},"18":{"start":{"line":68,"column":8},"end":{"line":68,"column":23}},"19":{"start":{"line":80,"column":22},"end":{"line":82,"column":10}},"20":{"start":{"line":84,"column":8},"end":{"line":97,"column":9}},"21":{"start":{"line":85,"column":12},"end":{"line":94,"column":15}},"22":{"start":{"line":95,"column":12},"end":{"line":95,"column":65}},"23":{"start":{"line":96,"column":12},"end":{"line":96,"column":96}},"24":{"start":{"line":99,"column":8},"end":{"line":99,"column":64}},"25":{"start":{"line":100,"column":8},"end":{"line":100,"column":23}},"26":{"start":{"line":115,"column":8},"end":{"line":145,"column":26}},"27":{"start":{"line":116,"column":28},"end":{"line":116,"column":87}},"28":{"start":{"line":117,"column":30},"end":{"line":117,"column":61}},"29":{"start":{"line":119,"column":12},"end":{"line":133,"column":13}},"30":{"start":{"line":120,"column":16},"end":{"line":132,"column":19}},"31":{"start":{"line":135,"column":12},"end":{"line":135,"column":69}},"32":{"start":{"line":136,"column":12},"end":{"line":136,"column":50}},"33":{"start":{"line":137,"column":28},"end":{"line":137,"column":70}},"34":{"start":{"line":139,"column":12},"end":{"line":142,"column":14}},"35":{"start":{"line":144,"column":12},"end":{"line":144,"column":82}},"36":{"start":{"line":159,"column":8},"end":{"line":179,"column":26}},"37":{"start":{"line":160,"column":28},"end":{"line":160,"column":84}},"38":{"start":{"line":161,"column":12},"end":{"line":166,"column":13}},"39":{"start":{"line":162,"column":16},"end":{"line":165,"column":19}},"40":{"start":{"line":168,"column":12},"end":{"line":168,"column":82}},"41":{"start":{"line":169,"column":12},"end":{"line":169,"column":63}},"42":{"start":{"line":170,"column":12},"end":{"line":170,"column":50}},"43":{"start":{"line":171,"column":28},"end":{"line":171,"column":70}},"44":{"start":{"line":173,"column":12},"end":{"line":176,"column":14}},"45":{"start":{"line":178,"column":12},"end":{"line":178,"column":82}},"46":{"start":{"line":192,"column":8},"end":{"line":205,"column":33}},"47":{"start":{"line":193,"column":28},"end":{"line":193,"column":84}},"48":{"start":{"line":194,"column":12},"end":{"line":194,"column":38}},"49":{"start":{"line":194,"column":26},"end":{"line":194,"column":38}},"50":{"start":{"line":196,"column":12},"end":{"line":196,"column":82}},"51":{"start":{"line":197,"column":12},"end":{"line":197,"column":50}},"52":{"start":{"line":198,"column":28},"end":{"line":198,"column":70}},"53":{"start":{"line":200,"column":12},"end":{"line":202,"column":14}},"54":{"start":{"line":204,"column":12},"end":{"line":204,"column":82}},"55":{"start":{"line":218,"column":8},"end":{"line":231,"column":30}},"56":{"start":{"line":219,"column":28},"end":{"line":219,"column":84}},"57":{"start":{"line":220,"column":12},"end":{"line":220,"column":38}},"58":{"start":{"line":220,"column":26},"end":{"line":220,"column":38}},"59":{"start":{"line":222,"column":12},"end":{"line":222,"column":76}},"60":{"start":{"line":223,"column":12},"end":{"line":223,"column":50}},"61":{"start":{"line":224,"column":28},"end":{"line":224,"column":70}},"62":{"start":{"line":226,"column":12},"end":{"line":228,"column":14}},"63":{"start":{"line":230,"column":12},"end":{"line":230,"column":82}},"64":{"start":{"line":247,"column":24},"end":{"line":247,"column":83}},"65":{"start":{"line":248,"column":30},"end":{"line":248,"column":55}},"66":{"start":{"line":249,"column":29},"end":{"line":249,"column":53}},"67":{"start":{"line":251,"column":8},"end":{"line":251,"column":41}},"68":{"start":{"line":252,"column":8},"end":{"line":252,"column":39}},"69":{"start":{"line":254,"column":8},"end":{"line":254,"column":42}},"70":{"start":{"line":255,"column":8},"end":{"line":255,"column":40}},"71":{"start":{"line":257,"column":24},"end":{"line":257,"column":66}},"72":{"start":{"line":259,"column":8},"end":{"line":264,"column":9}},"73":{"start":{"line":260,"column":12},"end":{"line":263,"column":14}},"74":{"start":{"line":266,"column":8},"end":{"line":266,"column":78}},"75":{"start":{"line":275,"column":8},"end":{"line":278,"column":10}},"76":{"start":{"line":291,"column":8},"end":{"line":312,"column":9}},"77":{"start":{"line":291,"column":27},"end":{"line":291,"column":28}},"78":{"start":{"line":292,"column":12},"end":{"line":311,"column":13}},"79":{"start":{"line":293,"column":16},"end":{"line":293,"column":41}},"80":{"start":{"line":297,"column":20},"end":{"line":299,"column":57}},"81":{"start":{"line":301,"column":16},"end":{"line":308,"column":17}},"82":{"start":{"line":302,"column":20},"end":{"line":304,"column":22}},"83":{"start":{"line":306,"column":20},"end":{"line":306,"column":86}},"84":{"start":{"line":306,"column":45},"end":{"line":306,"column":84}},"85":{"start":{"line":307,"column":20},"end":{"line":307,"column":29}},"86":{"start":{"line":310,"column":16},"end":{"line":310,"column":28}},"87":{"start":{"line":316,"column":19},"end":{"line":316,"column":44}},"88":{"start":{"line":317,"column":31},"end":{"line":317,"column":57}},"89":{"start":{"line":319,"column":0},"end":{"line":319,"column":49}},"90":{"start":{"line":320,"column":0},"end":{"line":320,"column":71}},"91":{"start":{"line":322,"column":0},"end":{"line":322,"column":36}}},"fnMap":{"0":{"name":"(anonymous_0)","decl":{"start":{"line":25,"column":4},"end":{"line":25,"column":5}},"loc":{"start":{"line":25,"column":35},"end":{"line":29,"column":5}},"line":25},"1":{"name":"(anonymous_1)","decl":{"start":{"line":38,"column":4},"end":{"line":38,"column":5}},"loc":{"start":{"line":38,"column":46},"end":{"line":50,"column":5}},"line":38},"2":{"name":"(anonymous_2)","decl":{"start":{"line":46,"column":28},"end":{"line":46,"column":29}},"loc":{"start":{"line":46,"column":36},"end":{"line":49,"column":9}},"line":46},"3":{"name":"(anonymous_3)","decl":{"start":{"line":59,"column":4},"end":{"line":59,"column":5}},"loc":{"start":{"line":59,"column":56},"end":{"line":69,"column":5}},"line":59},"4":{"name":"(anonymous_4)","decl":{"start":{"line":79,"column":4},"end":{"line":79,"column":5}},"loc":{"start":{"line":79,"column":59},"end":{"line":101,"column":5}},"line":79},"5":{"name":"(anonymous_5)","decl":{"start":{"line":114,"column":4},"end":{"line":114,"column":5}},"loc":{"start":{"line":114,"column":63},"end":{"line":146,"column":5}},"line":114},"6":{"name":"(anonymous_6)","decl":{"start":{"line":115,"column":41},"end":{"line":115,"column":42}},"loc":{"start":{"line":115,"column":53},"end":{"line":145,"column":9}},"line":115},"7":{"name":"(anonymous_7)","decl":{"start":{"line":158,"column":4},"end":{"line":158,"column":5}},"loc":{"start":{"line":158,"column":63},"end":{"line":180,"column":5}},"line":158},"8":{"name":"(anonymous_8)","decl":{"start":{"line":159,"column":41},"end":{"line":159,"column":42}},"loc":{"start":{"line":159,"column":53},"end":{"line":179,"column":9}},"line":159},"9":{"name":"(anonymous_9)","decl":{"start":{"line":191,"column":4},"end":{"line":191,"column":5}},"loc":{"start":{"line":191,"column":70},"end":{"line":206,"column":5}},"line":191},"10":{"name":"(anonymous_10)","decl":{"start":{"line":192,"column":41},"end":{"line":192,"column":42}},"loc":{"start":{"line":192,"column":53},"end":{"line":205,"column":9}},"line":192},"11":{"name":"(anonymous_11)","decl":{"start":{"line":217,"column":4},"end":{"line":217,"column":5}},"loc":{"start":{"line":217,"column":67},"end":{"line":232,"column":5}},"line":217},"12":{"name":"(anonymous_12)","decl":{"start":{"line":218,"column":41},"end":{"line":218,"column":42}},"loc":{"start":{"line":218,"column":53},"end":{"line":231,"column":9}},"line":218},"13":{"name":"(anonymous_13)","decl":{"start":{"line":246,"column":4},"end":{"line":246,"column":5}},"loc":{"start":{"line":246,"column":96},"end":{"line":267,"column":5}},"line":246},"14":{"name":"(anonymous_14)","decl":{"start":{"line":274,"column":4},"end":{"line":274,"column":5}},"loc":{"start":{"line":274,"column":31},"end":{"line":279,"column":5}},"line":274},"15":{"name":"(anonymous_15)","decl":{"start":{"line":290,"column":4},"end":{"line":290,"column":5}},"loc":{"start":{"line":290,"column":57},"end":{"line":313,"column":5}},"line":290},"16":{"name":"(anonymous_16)","decl":{"start":{"line":306,"column":38},"end":{"line":306,"column":39}},"loc":{"start":{"line":306,"column":45},"end":{"line":306,"column":84}},"line":306}},"branchMap":{"0":{"loc":{"start":{"line":40,"column":8},"end":{"line":42,"column":9}},"type":"if","locations":[{"start":{"line":40,"column":8},"end":{"line":42,"column":9}},{"start":{},"end":{}}],"line":40},"1":{"loc":{"start":{"line":64,"column":8},"end":{"line":66,"column":9}},"type":"if","locations":[{"start":{"line":64,"column":8},"end":{"line":66,"column":9}},{"start":{},"end":{}}],"line":64},"2":{"loc":{"start":{"line":84,"column":8},"end":{"line":97,"column":9}},"type":"if","locations":[{"start":{"line":84,"column":8},"end":{"line":97,"column":9}},{"start":{},"end":{}}],"line":84},"3":{"loc":{"start":{"line":119,"column":12},"end":{"line":133,"column":13}},"type":"if","locations":[{"start":{"line":119,"column":12},"end":{"line":133,"column":13}},{"start":{},"end":{}}],"line":119},"4":{"loc":{"start":{"line":161,"column":12},"end":{"line":166,"column":13}},"type":"if","locations":[{"start":{"line":161,"column":12},"end":{"line":166,"column":13}},{"start":{},"end":{}}],"line":161},"5":{"loc":{"start":{"line":194,"column":12},"end":{"line":194,"column":38}},"type":"if","locations":[{"start":{"line":194,"column":12},"end":{"line":194,"column":38}},{"start":{},"end":{}}],"line":194},"6":{"loc":{"start":{"line":220,"column":12},"end":{"line":220,"column":38}},"type":"if","locations":[{"start":{"line":220,"column":12},"end":{"line":220,"column":38}},{"start":{},"end":{}}],"line":220},"7":{"loc":{"start":{"line":259,"column":8},"end":{"line":264,"column":9}},"type":"if","locations":[{"start":{"line":259,"column":8},"end":{"line":264,"column":9}},{"start":{},"end":{}}],"line":259},"8":{"loc":{"start":{"line":259,"column":12},"end":{"line":259,"column":74}},"type":"binary-expr","locations":[{"start":{"line":259,"column":12},"end":{"line":259,"column":42}},{"start":{"line":259,"column":46},"end":{"line":259,"column":74}}],"line":259},"9":{"loc":{"start":{"line":297,"column":20},"end":{"line":299,"column":57}},"type":"binary-expr","locations":[{"start":{"line":297,"column":20},"end":{"line":297,"column":71}},{"start":{"line":298,"column":20},"end":{"line":298,"column":54}},{"start":{"line":299,"column":20},"end":{"line":299,"column":57}}],"line":297},"10":{"loc":{"start":{"line":301,"column":16},"end":{"line":308,"column":17}},"type":"if","locations":[{"start":{"line":301,"column":16},"end":{"line":308,"column":17}},{"start":{},"end":{}}],"line":301},"11":{"loc":{"start":{"line":301,"column":20},"end":{"line":301,"column":68}},"type":"binary-expr","locations":[{"start":{"line":301,"column":20},"end":{"line":301,"column":31}},{"start":{"line":301,"column":35},"end":{"line":301,"column":68}}],"line":301}},"s":{"0":2,"1":2,"2":2,"3":2,"4":2,"5":2,"6":26,"7":26,"8":26,"9":4,"10":4,"11":1,"12":4,"13":4,"14":2,"15":8,"16":8,"17":6,"18":8,"19":12,"20":12,"21":2,"22":2,"23":2,"24":12,"25":12,"26":5,"27":5,"28":5,"29":5,"30":3,"31":2,"32":2,"33":2,"34":2,"35":2,"36":3,"37":3,"38":3,"39":1,"40":2,"41":2,"42":2,"43":2,"44":2,"45":2,"46":3,"47":3,"48":3,"49":1,"50":2,"51":2,"52":2,"53":2,"54":2,"55":2,"56":2,"57":2,"58":0,"59":2,"60":2,"61":2,"62":2,"63":2,"64":4,"65":4,"66":4,"67":4,"68":4,"69":4,"70":4,"71":4,"72":4,"73":4,"74":4,"75":41,"76":13,"77":13,"78":13,"79":13,"80":4,"81":4,"82":0,"83":0,"84":0,"85":0,"86":4,"87":2,"88":2,"89":2,"90":2,"91":2},"f":{"0":26,"1":4,"2":2,"3":8,"4":12,"5":5,"6":5,"7":3,"8":3,"9":3,"10":3,"11":2,"12":2,"13":4,"14":41,"15":13,"16":0},"b":{"0":[1,3],"1":[6,2],"2":[2,10],"3":[3,2],"4":[1,2],"5":[1,2],"6":[0,2],"7":[4,0],"8":[4,1],"9":[4,4,4],"10":[0,4],"11":[4,0]},"_coverageSchema":"1a1c01bbd47fc00a2c39e90264f33305004495a9","hash":"96f908a16963fa485c13d7a6dbe4a475aeead829"}
,"/home/uzair-sajjad/Projects/wizdaa-assessment/src/modules/employee/employee.controller.js": {"path":"/home/uzair-sajjad/Projects/wizdaa-assessment/src/modules/employee/employee.controller.js","statementMap":{"0":{"start":{"line":12,"column":4},"end":{"line":12,"column":29}},"1":{"start":{"line":13,"column":28},"end":{"line":13,"column":57}},"2":{"start":{"line":21,"column":8},"end":{"line":21,"column":47}},"3":{"start":{"line":25,"column":8},"end":{"line":25,"column":49}},"4":{"start":{"line":29,"column":8},"end":{"line":29,"column":58}},"5":{"start":{"line":33,"column":8},"end":{"line":33,"column":49}},"6":{"start":{"line":37,"column":8},"end":{"line":37,"column":53}},"7":{"start":{"line":42,"column":0},"end":{"line":42,"column":71}},"8":{"start":{"line":45,"column":0},"end":{"line":45,"column":58}},"9":{"start":{"line":48,"column":0},"end":{"line":53,"column":2}},"10":{"start":{"line":54,"column":0},"end":{"line":54,"column":58}},"11":{"start":{"line":57,"column":0},"end":{"line":62,"column":2}},"12":{"start":{"line":63,"column":0},"end":{"line":63,"column":72}},"13":{"start":{"line":66,"column":0},"end":{"line":71,"column":2}},"14":{"start":{"line":72,"column":0},"end":{"line":72,"column":60}},"15":{"start":{"line":75,"column":0},"end":{"line":80,"column":2}},"16":{"start":{"line":81,"column":0},"end":{"line":81,"column":63}},"17":{"start":{"line":82,"column":0},"end":{"line":82,"column":58}},"18":{"start":{"line":84,"column":0},"end":{"line":84,"column":40}}},"fnMap":{"0":{"name":"(anonymous_0)","decl":{"start":{"line":20,"column":4},"end":{"line":20,"column":5}},"loc":{"start":{"line":20,"column":33},"end":{"line":22,"column":5}},"line":20},"1":{"name":"(anonymous_1)","decl":{"start":{"line":24,"column":4},"end":{"line":24,"column":5}},"loc":{"start":{"line":24,"column":31},"end":{"line":26,"column":5}},"line":24},"2":{"name":"(anonymous_2)","decl":{"start":{"line":28,"column":4},"end":{"line":28,"column":5}},"loc":{"start":{"line":28,"column":38},"end":{"line":30,"column":5}},"line":28},"3":{"name":"(anonymous_3)","decl":{"start":{"line":32,"column":4},"end":{"line":32,"column":5}},"loc":{"start":{"line":32,"column":26},"end":{"line":34,"column":5}},"line":32},"4":{"name":"(anonymous_4)","decl":{"start":{"line":36,"column":4},"end":{"line":36,"column":5}},"loc":{"start":{"line":36,"column":35},"end":{"line":38,"column":5}},"line":36}},"branchMap":{},"s":{"0":0,"1":0,"2":0,"3":0,"4":0,"5":0,"6":0,"7":0,"8":0,"9":0,"10":0,"11":0,"12":0,"13":0,"14":0,"15":0,"16":0,"17":0,"18":0},"f":{"0":0,"1":0,"2":0,"3":0,"4":0},"b":{}}
,"/home/uzair-sajjad/Projects/wizdaa-assessment/src/modules/employee/employee.entity.js": {"path":"/home/uzair-sajjad/Projects/wizdaa-assessment/src/modules/employee/employee.entity.js","statementMap":{"0":{"start":{"line":1,"column":25},"end":{"line":1,"column":43}},"1":{"start":{"line":13,"column":17},"end":{"line":97,"column":2}},"2":{"start":{"line":99,"column":0},"end":{"line":99,"column":30}}},"fnMap":{},"branchMap":{},"s":{"0":1,"1":1,"2":1},"f":{},"b":{},"_coverageSchema":"1a1c01bbd47fc00a2c39e90264f33305004495a9","hash":"82ca1b81899b9af07e0a9c3107a4f7e6a550482a"}
,"/home/uzair-sajjad/Projects/wizdaa-assessment/src/modules/employee/employee.module.js": {"path":"/home/uzair-sajjad/Projects/wizdaa-assessment/src/modules/employee/employee.module.js","statementMap":{"0":{"start":{"line":1,"column":19},"end":{"line":1,"column":44}},"1":{"start":{"line":2,"column":26},"end":{"line":2,"column":52}},"2":{"start":{"line":3,"column":21},"end":{"line":3,"column":49}},"3":{"start":{"line":4,"column":28},"end":{"line":4,"column":57}},"4":{"start":{"line":5,"column":31},"end":{"line":5,"column":63}},"5":{"start":{"line":9,"column":0},"end":{"line":19,"column":2}},"6":{"start":{"line":21,"column":0},"end":{"line":21,"column":36}}},"fnMap":{},"branchMap":{},"s":{"0":0,"1":0,"2":0,"3":0,"4":0,"5":0,"6":0},"f":{},"b":{}}
,"/home/uzair-sajjad/Projects/wizdaa-assessment/src/modules/employee/employee.service.js": {"path":"/home/uzair-sajjad/Projects/wizdaa-assessment/src/modules/employee/employee.service.js","statementMap":{"0":{"start":{"line":6,"column":4},"end":{"line":6,"column":29}},"1":{"start":{"line":7,"column":29},"end":{"line":7,"column":55}},"2":{"start":{"line":8,"column":23},"end":{"line":8,"column":38}},"3":{"start":{"line":9,"column":21},"end":{"line":9,"column":49}},"4":{"start":{"line":19,"column":22},"end":{"line":152,"column":1}},"5":{"start":{"line":21,"column":8},"end":{"line":21,"column":53}},"6":{"start":{"line":22,"column":8},"end":{"line":22,"column":52}},"7":{"start":{"line":32,"column":25},"end":{"line":34,"column":10}},"8":{"start":{"line":35,"column":8},"end":{"line":40,"column":9}},"9":{"start":{"line":36,"column":12},"end":{"line":39,"column":15}},"10":{"start":{"line":43,"column":8},"end":{"line":53,"column":9}},"11":{"start":{"line":44,"column":32},"end":{"line":46,"column":14}},"12":{"start":{"line":47,"column":12},"end":{"line":52,"column":13}},"13":{"start":{"line":48,"column":16},"end":{"line":51,"column":19}},"14":{"start":{"line":55,"column":25},"end":{"line":63,"column":10}},"15":{"start":{"line":65,"column":22},"end":{"line":65,"column":66}},"16":{"start":{"line":66,"column":8},"end":{"line":66,"column":74}},"17":{"start":{"line":67,"column":8},"end":{"line":67,"column":21}},"18":{"start":{"line":77,"column":25},"end":{"line":79,"column":10}},"19":{"start":{"line":80,"column":8},"end":{"line":85,"column":9}},"20":{"start":{"line":81,"column":12},"end":{"line":84,"column":15}},"21":{"start":{"line":86,"column":8},"end":{"line":86,"column":24}},"22":{"start":{"line":95,"column":8},"end":{"line":97,"column":11}},"23":{"start":{"line":106,"column":22},"end":{"line":106,"column":40}},"24":{"start":{"line":107,"column":8},"end":{"line":109,"column":9}},"25":{"start":{"line":108,"column":12},"end":{"line":108,"column":46}},"26":{"start":{"line":110,"column":8},"end":{"line":110,"column":83}},"27":{"start":{"line":120,"column":25},"end":{"line":120,"column":48}},"28":{"start":{"line":123,"column":29},"end":{"line":123,"column":31}},"29":{"start":{"line":124,"column":8},"end":{"line":124,"column":80}},"30":{"start":{"line":124,"column":41},"end":{"line":124,"column":80}},"31":{"start":{"line":125,"column":8},"end":{"line":125,"column":77}},"32":{"start":{"line":125,"column":40},"end":{"line":125,"column":77}},"33":{"start":{"line":126,"column":8},"end":{"line":126,"column":83}},"34":{"start":{"line":126,"column":42},"end":{"line":126,"column":83}},"35":{"start":{"line":127,"column":8},"end":{"line":127,"column":89}},"36":{"start":{"line":127,"column":44},"end":{"line":127,"column":89}},"37":{"start":{"line":128,"column":8},"end":{"line":128,"column":77}},"38":{"start":{"line":128,"column":40},"end":{"line":128,"column":77}},"39":{"start":{"line":129,"column":8},"end":{"line":129,"column":92}},"40":{"start":{"line":129,"column":45},"end":{"line":129,"column":92}},"41":{"start":{"line":131,"column":8},"end":{"line":131,"column":46}},"42":{"start":{"line":132,"column":8},"end":{"line":132,"column":54}},"43":{"start":{"line":143,"column":25},"end":{"line":143,"column":48}},"44":{"start":{"line":144,"column":8},"end":{"line":149,"column":9}},"45":{"start":{"line":145,"column":12},"end":{"line":148,"column":15}},"46":{"start":{"line":150,"column":8},"end":{"line":150,"column":24}},"47":{"start":{"line":155,"column":19},"end":{"line":155,"column":44}},"48":{"start":{"line":156,"column":31},"end":{"line":156,"column":57}},"49":{"start":{"line":158,"column":0},"end":{"line":158,"column":50}},"50":{"start":{"line":159,"column":0},"end":{"line":159,"column":68}},"51":{"start":{"line":161,"column":0},"end":{"line":161,"column":37}}},"fnMap":{"0":{"name":"(anonymous_0)","decl":{"start":{"line":20,"column":4},"end":{"line":20,"column":5}},"loc":{"start":{"line":20,"column":36},"end":{"line":23,"column":5}},"line":20},"1":{"name":"(anonymous_1)","decl":{"start":{"line":30,"column":4},"end":{"line":30,"column":5}},"loc":{"start":{"line":30,"column":22},"end":{"line":68,"column":5}},"line":30},"2":{"name":"(anonymous_2)","decl":{"start":{"line":76,"column":4},"end":{"line":76,"column":5}},"loc":{"start":{"line":76,"column":23},"end":{"line":87,"column":5}},"line":76},"3":{"name":"(anonymous_3)","decl":{"start":{"line":94,"column":4},"end":{"line":94,"column":5}},"loc":{"start":{"line":94,"column":29},"end":{"line":98,"column":5}},"line":94},"4":{"name":"(anonymous_4)","decl":{"start":{"line":105,"column":4},"end":{"line":105,"column":5}},"loc":{"start":{"line":105,"column":32},"end":{"line":111,"column":5}},"line":105},"5":{"name":"(anonymous_5)","decl":{"start":{"line":119,"column":4},"end":{"line":119,"column":5}},"loc":{"start":{"line":119,"column":26},"end":{"line":133,"column":5}},"line":119},"6":{"name":"(anonymous_6)","decl":{"start":{"line":142,"column":4},"end":{"line":142,"column":5}},"loc":{"start":{"line":142,"column":29},"end":{"line":151,"column":5}},"line":142}},"branchMap":{"0":{"loc":{"start":{"line":35,"column":8},"end":{"line":40,"column":9}},"type":"if","locations":[{"start":{"line":35,"column":8},"end":{"line":40,"column":9}},{"start":{},"end":{}}],"line":35},"1":{"loc":{"start":{"line":43,"column":8},"end":{"line":53,"column":9}},"type":"if","locations":[{"start":{"line":43,"column":8},"end":{"line":53,"column":9}},{"start":{},"end":{}}],"line":43},"2":{"loc":{"start":{"line":47,"column":12},"end":{"line":52,"column":13}},"type":"if","locations":[{"start":{"line":47,"column":12},"end":{"line":52,"column":13}},{"start":{},"end":{}}],"line":47},"3":{"loc":{"start":{"line":60,"column":27},"end":{"line":60,"column":52}},"type":"binary-expr","locations":[{"start":{"line":60,"column":27},"end":{"line":60,"column":44}},{"start":{"line":60,"column":48},"end":{"line":60,"column":52}}],"line":60},"4":{"loc":{"start":{"line":61,"column":24},"end":{"line":61,"column":46}},"type":"binary-expr","locations":[{"start":{"line":61,"column":24},"end":{"line":61,"column":38}},{"start":{"line":61,"column":42},"end":{"line":61,"column":46}}],"line":61},"5":{"loc":{"start":{"line":62,"column":26},"end":{"line":62,"column":50}},"type":"binary-expr","locations":[{"start":{"line":62,"column":26},"end":{"line":62,"column":42}},{"start":{"line":62,"column":46},"end":{"line":62,"column":50}}],"line":62},"6":{"loc":{"start":{"line":80,"column":8},"end":{"line":85,"column":9}},"type":"if","locations":[{"start":{"line":80,"column":8},"end":{"line":85,"column":9}},{"start":{},"end":{}}],"line":80},"7":{"loc":{"start":{"line":107,"column":8},"end":{"line":109,"column":9}},"type":"if","locations":[{"start":{"line":107,"column":8},"end":{"line":109,"column":9}},{"start":{},"end":{}}],"line":107},"8":{"loc":{"start":{"line":124,"column":8},"end":{"line":124,"column":80}},"type":"if","locations":[{"start":{"line":124,"column":8},"end":{"line":124,"column":80}},{"start":{},"end":{}}],"line":124},"9":{"loc":{"start":{"line":125,"column":8},"end":{"line":125,"column":77}},"type":"if","locations":[{"start":{"line":125,"column":8},"end":{"line":125,"column":77}},{"start":{},"end":{}}],"line":125},"10":{"loc":{"start":{"line":126,"column":8},"end":{"line":126,"column":83}},"type":"if","locations":[{"start":{"line":126,"column":8},"end":{"line":126,"column":83}},{"start":{},"end":{}}],"line":126},"11":{"loc":{"start":{"line":127,"column":8},"end":{"line":127,"column":89}},"type":"if","locations":[{"start":{"line":127,"column":8},"end":{"line":127,"column":89}},{"start":{},"end":{}}],"line":127},"12":{"loc":{"start":{"line":128,"column":8},"end":{"line":128,"column":77}},"type":"if","locations":[{"start":{"line":128,"column":8},"end":{"line":128,"column":77}},{"start":{},"end":{}}],"line":128},"13":{"loc":{"start":{"line":129,"column":8},"end":{"line":129,"column":92}},"type":"if","locations":[{"start":{"line":129,"column":8},"end":{"line":129,"column":92}},{"start":{},"end":{}}],"line":129},"14":{"loc":{"start":{"line":144,"column":8},"end":{"line":149,"column":9}},"type":"if","locations":[{"start":{"line":144,"column":8},"end":{"line":149,"column":9}},{"start":{},"end":{}}],"line":144}},"s":{"0":1,"1":1,"2":1,"3":1,"4":1,"5":0,"6":0,"7":0,"8":0,"9":0,"10":0,"11":0,"12":0,"13":0,"14":0,"15":0,"16":0,"17":0,"18":0,"19":0,"20":0,"21":0,"22":0,"23":0,"24":0,"25":0,"26":0,"27":0,"28":0,"29":0,"30":0,"31":0,"32":0,"33":0,"34":0,"35":0,"36":0,"37":0,"38":0,"39":0,"40":0,"41":0,"42":0,"43":0,"44":0,"45":0,"46":0,"47":1,"48":1,"49":1,"50":1,"51":1},"f":{"0":0,"1":0,"2":0,"3":0,"4":0,"5":0,"6":0},"b":{"0":[0,0],"1":[0,0],"2":[0,0],"3":[0,0],"4":[0,0],"5":[0,0],"6":[0,0],"7":[0,0],"8":[0,0],"9":[0,0],"10":[0,0],"11":[0,0],"12":[0,0],"13":[0,0],"14":[0,0]},"_coverageSchema":"1a1c01bbd47fc00a2c39e90264f33305004495a9","hash":"3836d78267995553241e17706da62f2564380748"}
,"/home/uzair-sajjad/Projects/wizdaa-assessment/src/modules/employee/dto/index.js": {"path":"/home/uzair-sajjad/Projects/wizdaa-assessment/src/modules/employee/dto/index.js","statementMap":{"0":{"start":{"line":1,"column":75},"end":{"line":1,"column":101}},"1":{"start":{"line":19,"column":19},"end":{"line":19,"column":47}},"2":{"start":{"line":36,"column":0},"end":{"line":36,"column":58}}},"fnMap":{},"branchMap":{},"s":{"0":0,"1":0,"2":0},"f":{},"b":{}}
,"/home/uzair-sajjad/Projects/wizdaa-assessment/src/modules/hcm-sync/hcm-client.service.js": {"path":"/home/uzair-sajjad/Projects/wizdaa-assessment/src/modules/hcm-sync/hcm-client.service.js","statementMap":{"0":{"start":{"line":1,"column":31},"end":{"line":1,"column":56}},"1":{"start":{"line":2,"column":14},"end":{"line":2,"column":30}},"2":{"start":{"line":3,"column":47},"end":{"line":3,"column":88}},"3":{"start":{"line":17,"column":23},"end":{"line":141,"column":1}},"4":{"start":{"line":19,"column":8},"end":{"line":19,"column":53}},"5":{"start":{"line":20,"column":8},"end":{"line":20,"column":83}},"6":{"start":{"line":21,"column":8},"end":{"line":21,"column":52}},"7":{"start":{"line":22,"column":8},"end":{"line":22,"column":76}},"8":{"start":{"line":23,"column":8},"end":{"line":23,"column":75}},"9":{"start":{"line":24,"column":8},"end":{"line":24,"column":82}},"10":{"start":{"line":26,"column":8},"end":{"line":33,"column":11}},"11":{"start":{"line":49,"column":8},"end":{"line":71,"column":10}},"12":{"start":{"line":51,"column":16},"end":{"line":51,"column":93}},"13":{"start":{"line":53,"column":33},"end":{"line":60,"column":18}},"14":{"start":{"line":62,"column":16},"end":{"line":62,"column":66}},"15":{"start":{"line":63,"column":16},"end":{"line":63,"column":37}},"16":{"start":{"line":81,"column":8},"end":{"line":98,"column":10}},"17":{"start":{"line":83,"column":16},"end":{"line":83,"column":92}},"18":{"start":{"line":85,"column":33},"end":{"line":87,"column":17}},"19":{"start":{"line":89,"column":16},"end":{"line":89,"column":71}},"20":{"start":{"line":90,"column":16},"end":{"line":90,"column":37}},"21":{"start":{"line":107,"column":8},"end":{"line":122,"column":10}},"22":{"start":{"line":109,"column":16},"end":{"line":109,"column":85}},"23":{"start":{"line":111,"column":33},"end":{"line":111,"column":76}},"24":{"start":{"line":113,"column":16},"end":{"line":113,"column":69}},"25":{"start":{"line":114,"column":16},"end":{"line":114,"column":37}},"26":{"start":{"line":131,"column":8},"end":{"line":133,"column":9}},"27":{"start":{"line":132,"column":12},"end":{"line":132,"column":83}},"28":{"start":{"line":135,"column":8},"end":{"line":139,"column":9}},"29":{"start":{"line":136,"column":12},"end":{"line":138,"column":14}},"30":{"start":{"line":143,"column":0},"end":{"line":143,"column":51}},"31":{"start":{"line":145,"column":0},"end":{"line":145,"column":38}}},"fnMap":{"0":{"name":"(anonymous_0)","decl":{"start":{"line":18,"column":4},"end":{"line":18,"column":5}},"loc":{"start":{"line":18,"column":18},"end":{"line":34,"column":5}},"line":18},"1":{"name":"(anonymous_1)","decl":{"start":{"line":48,"column":4},"end":{"line":48,"column":5}},"loc":{"start":{"line":48,"column":32},"end":{"line":72,"column":5}},"line":48},"2":{"name":"(anonymous_2)","decl":{"start":{"line":50,"column":12},"end":{"line":50,"column":13}},"loc":{"start":{"line":50,"column":24},"end":{"line":64,"column":13}},"line":50},"3":{"name":"(anonymous_3)","decl":{"start":{"line":80,"column":4},"end":{"line":80,"column":5}},"loc":{"start":{"line":80,"column":44},"end":{"line":99,"column":5}},"line":80},"4":{"name":"(anonymous_4)","decl":{"start":{"line":82,"column":12},"end":{"line":82,"column":13}},"loc":{"start":{"line":82,"column":24},"end":{"line":91,"column":13}},"line":82},"5":{"name":"(anonymous_5)","decl":{"start":{"line":106,"column":4},"end":{"line":106,"column":5}},"loc":{"start":{"line":106,"column":29},"end":{"line":123,"column":5}},"line":106},"6":{"name":"(anonymous_6)","decl":{"start":{"line":108,"column":12},"end":{"line":108,"column":13}},"loc":{"start":{"line":108,"column":24},"end":{"line":115,"column":13}},"line":108},"7":{"name":"(anonymous_7)","decl":{"start":{"line":130,"column":4},"end":{"line":130,"column":5}},"loc":{"start":{"line":130,"column":47},"end":{"line":140,"column":5}},"line":130}},"branchMap":{"0":{"loc":{"start":{"line":20,"column":23},"end":{"line":20,"column":82}},"type":"binary-expr","locations":[{"start":{"line":20,"column":23},"end":{"line":20,"column":47}},{"start":{"line":20,"column":51},"end":{"line":20,"column":82}}],"line":20},"1":{"loc":{"start":{"line":21,"column":22},"end":{"line":21,"column":51}},"type":"binary-expr","locations":[{"start":{"line":21,"column":22},"end":{"line":21,"column":45}},{"start":{"line":21,"column":49},"end":{"line":21,"column":51}}],"line":21},"2":{"loc":{"start":{"line":22,"column":34},"end":{"line":22,"column":70}},"type":"binary-expr","locations":[{"start":{"line":22,"column":34},"end":{"line":22,"column":60}},{"start":{"line":22,"column":64},"end":{"line":22,"column":70}}],"line":22},"3":{"loc":{"start":{"line":23,"column":35},"end":{"line":23,"column":69}},"type":"binary-expr","locations":[{"start":{"line":23,"column":35},"end":{"line":23,"column":62}},{"start":{"line":23,"column":66},"end":{"line":23,"column":69}}],"line":23},"4":{"loc":{"start":{"line":24,"column":36},"end":{"line":24,"column":76}},"type":"binary-expr","locations":[{"start":{"line":24,"column":36},"end":{"line":24,"column":66}},{"start":{"line":24,"column":70},"end":{"line":24,"column":76}}],"line":24},"5":{"loc":{"start":{"line":131,"column":8},"end":{"line":133,"column":9}},"type":"if","locations":[{"start":{"line":131,"column":8},"end":{"line":133,"column":9}},{"start":{},"end":{}}],"line":131},"6":{"loc":{"start":{"line":135,"column":8},"end":{"line":139,"column":9}},"type":"if","locations":[{"start":{"line":135,"column":8},"end":{"line":139,"column":9}},{"start":{},"end":{}}],"line":135}},"s":{"0":1,"1":1,"2":1,"3":1,"4":0,"5":0,"6":0,"7":0,"8":0,"9":0,"10":0,"11":0,"12":0,"13":0,"14":0,"15":0,"16":0,"17":0,"18":0,"19":0,"20":0,"21":0,"22":0,"23":0,"24":0,"25":0,"26":0,"27":0,"28":0,"29":0,"30":1,"31":1},"f":{"0":0,"1":0,"2":0,"3":0,"4":0,"5":0,"6":0,"7":0},"b":{"0":[0,0],"1":[0,0],"2":[0,0],"3":[0,0],"4":[0,0],"5":[0,0],"6":[0,0]},"_coverageSchema":"1a1c01bbd47fc00a2c39e90264f33305004495a9","hash":"b55363b51f8df0bbc4af2084e145585cb4b22b6d"}
,"/home/uzair-sajjad/Projects/wizdaa-assessment/src/modules/hcm-sync/hcm-sync-log.entity.js": {"path":"/home/uzair-sajjad/Projects/wizdaa-assessment/src/modules/hcm-sync/hcm-sync-log.entity.js","statementMap":{"0":{"start":{"line":1,"column":25},"end":{"line":1,"column":43}},"1":{"start":{"line":13,"column":19},"end":{"line":92,"column":2}},"2":{"start":{"line":94,"column":0},"end":{"line":94,"column":32}}},"fnMap":{},"branchMap":{},"s":{"0":1,"1":1,"2":1},"f":{},"b":{},"_coverageSchema":"1a1c01bbd47fc00a2c39e90264f33305004495a9","hash":"d3005bb8d61792dec8364ddf634252285230cd0d"}
,"/home/uzair-sajjad/Projects/wizdaa-assessment/src/modules/hcm-sync/hcm-sync.controller.js": {"path":"/home/uzair-sajjad/Projects/wizdaa-assessment/src/modules/hcm-sync/hcm-sync.controller.js","statementMap":{"0":{"start":{"line":10,"column":4},"end":{"line":10,"column":29}},"1":{"start":{"line":11,"column":27},"end":{"line":11,"column":56}},"2":{"start":{"line":19,"column":8},"end":{"line":19,"column":45}},"3":{"start":{"line":23,"column":8},"end":{"line":23,"column":63}},"4":{"start":{"line":27,"column":8},"end":{"line":30,"column":11}},"5":{"start":{"line":34,"column":8},"end":{"line":34,"column":76}},"6":{"start":{"line":38,"column":0},"end":{"line":38,"column":64}},"7":{"start":{"line":41,"column":0},"end":{"line":41,"column":56}},"8":{"start":{"line":44,"column":0},"end":{"line":49,"column":2}},"9":{"start":{"line":50,"column":0},"end":{"line":50,"column":53}},"10":{"start":{"line":53,"column":0},"end":{"line":58,"column":2}},"11":{"start":{"line":59,"column":0},"end":{"line":59,"column":52}},"12":{"start":{"line":62,"column":0},"end":{"line":67,"column":2}},"13":{"start":{"line":68,"column":0},"end":{"line":68,"column":62}},"14":{"start":{"line":70,"column":0},"end":{"line":70,"column":39}}},"fnMap":{"0":{"name":"(anonymous_0)","decl":{"start":{"line":18,"column":4},"end":{"line":18,"column":5}},"loc":{"start":{"line":18,"column":32},"end":{"line":20,"column":5}},"line":18},"1":{"name":"(anonymous_1)","decl":{"start":{"line":22,"column":4},"end":{"line":22,"column":5}},"loc":{"start":{"line":22,"column":27},"end":{"line":24,"column":5}},"line":22},"2":{"name":"(anonymous_2)","decl":{"start":{"line":26,"column":4},"end":{"line":26,"column":5}},"loc":{"start":{"line":26,"column":26},"end":{"line":31,"column":5}},"line":26},"3":{"name":"(anonymous_3)","decl":{"start":{"line":33,"column":4},"end":{"line":33,"column":5}},"loc":{"start":{"line":33,"column":29},"end":{"line":35,"column":5}},"line":33}},"branchMap":{"0":{"loc":{"start":{"line":34,"column":49},"end":{"line":34,"column":74}},"type":"binary-expr","locations":[{"start":{"line":34,"column":49},"end":{"line":34,"column":68}},{"start":{"line":34,"column":72},"end":{"line":34,"column":74}}],"line":34}},"s":{"0":0,"1":0,"2":0,"3":0,"4":0,"5":0,"6":0,"7":0,"8":0,"9":0,"10":0,"11":0,"12":0,"13":0,"14":0},"f":{"0":0,"1":0,"2":0,"3":0},"b":{"0":[0,0]}}
,"/home/uzair-sajjad/Projects/wizdaa-assessment/src/modules/hcm-sync/hcm-sync.module.js": {"path":"/home/uzair-sajjad/Projects/wizdaa-assessment/src/modules/hcm-sync/hcm-sync.module.js","statementMap":{"0":{"start":{"line":1,"column":19},"end":{"line":1,"column":44}},"1":{"start":{"line":2,"column":26},"end":{"line":2,"column":52}},"2":{"start":{"line":3,"column":23},"end":{"line":3,"column":55}},"3":{"start":{"line":4,"column":27},"end":{"line":4,"column":56}},"4":{"start":{"line":5,"column":29},"end":{"line":5,"column":60}},"5":{"start":{"line":6,"column":30},"end":{"line":6,"column":62}},"6":{"start":{"line":7,"column":26},"end":{"line":7,"column":62}},"7":{"start":{"line":8,"column":27},"end":{"line":8,"column":65}},"8":{"start":{"line":12,"column":0},"end":{"line":26,"column":2}},"9":{"start":{"line":28,"column":0},"end":{"line":28,"column":35}}},"fnMap":{},"branchMap":{},"s":{"0":0,"1":0,"2":0,"3":0,"4":0,"5":0,"6":0,"7":0,"8":0,"9":0},"f":{},"b":{}}
,"/home/uzair-sajjad/Projects/wizdaa-assessment/src/modules/hcm-sync/hcm-sync.service.js": {"path":"/home/uzair-sajjad/Projects/wizdaa-assessment/src/modules/hcm-sync/hcm-sync.service.js","statementMap":{"0":{"start":{"line":5,"column":4},"end":{"line":5,"column":29}},"1":{"start":{"line":6,"column":23},"end":{"line":6,"column":38}},"2":{"start":{"line":7,"column":48},"end":{"line":7,"column":77}},"3":{"start":{"line":24,"column":21},"end":{"line":282,"column":1}},"4":{"start":{"line":31,"column":8},"end":{"line":31,"column":57}},"5":{"start":{"line":32,"column":8},"end":{"line":32,"column":49}},"6":{"start":{"line":33,"column":8},"end":{"line":33,"column":45}},"7":{"start":{"line":34,"column":8},"end":{"line":34,"column":47}},"8":{"start":{"line":35,"column":8},"end":{"line":35,"column":51}},"9":{"start":{"line":45,"column":24},"end":{"line":45,"column":78}},"10":{"start":{"line":47,"column":8},"end":{"line":95,"column":9}},"11":{"start":{"line":49,"column":29},"end":{"line":49,"column":76}},"12":{"start":{"line":50,"column":12},"end":{"line":55,"column":13}},"13":{"start":{"line":51,"column":16},"end":{"line":54,"column":19}},"14":{"start":{"line":58,"column":28},"end":{"line":60,"column":13}},"15":{"start":{"line":63,"column":36},"end":{"line":63,"column":38}},"16":{"start":{"line":64,"column":12},"end":{"line":77,"column":13}},"17":{"start":{"line":65,"column":16},"end":{"line":76,"column":17}},"18":{"start":{"line":66,"column":39},"end":{"line":66,"column":85}},"19":{"start":{"line":67,"column":36},"end":{"line":74,"column":21}},"20":{"start":{"line":75,"column":20},"end":{"line":75,"column":50}},"21":{"start":{"line":80,"column":12},"end":{"line":80,"column":87}},"22":{"start":{"line":82,"column":12},"end":{"line":84,"column":14}},"23":{"start":{"line":86,"column":12},"end":{"line":91,"column":14}},"24":{"start":{"line":93,"column":12},"end":{"line":93,"column":60}},"25":{"start":{"line":94,"column":12},"end":{"line":94,"column":24}},"26":{"start":{"line":108,"column":24},"end":{"line":108,"column":65}},"27":{"start":{"line":109,"column":24},"end":{"line":116,"column":9}},"28":{"start":{"line":118,"column":8},"end":{"line":210,"column":9}},"29":{"start":{"line":120,"column":28},"end":{"line":120,"column":74}},"30":{"start":{"line":122,"column":12},"end":{"line":124,"column":13}},"31":{"start":{"line":123,"column":16},"end":{"line":123,"column":78}},"32":{"start":{"line":126,"column":12},"end":{"line":126,"column":62}},"33":{"start":{"line":129,"column":12},"end":{"line":184,"column":13}},"34":{"start":{"line":130,"column":16},"end":{"line":183,"column":17}},"35":{"start":{"line":132,"column":42},"end":{"line":134,"column":21}},"36":{"start":{"line":136,"column":20},"end":{"line":146,"column":21}},"37":{"start":{"line":137,"column":24},"end":{"line":139,"column":26}},"38":{"start":{"line":140,"column":24},"end":{"line":143,"column":27}},"39":{"start":{"line":144,"column":24},"end":{"line":144,"column":47}},"40":{"start":{"line":145,"column":24},"end":{"line":145,"column":33}},"41":{"start":{"line":149,"column":20},"end":{"line":154,"column":21}},"42":{"start":{"line":153,"column":24},"end":{"line":153,"column":33}},"43":{"start":{"line":157,"column":20},"end":{"line":170,"column":21}},"44":{"start":{"line":158,"column":24},"end":{"line":169,"column":25}},"45":{"start":{"line":159,"column":47},"end":{"line":159,"column":98}},"46":{"start":{"line":160,"column":28},"end":{"line":167,"column":30}},"47":{"start":{"line":168,"column":28},"end":{"line":168,"column":59}},"48":{"start":{"line":172,"column":20},"end":{"line":172,"column":43}},"49":{"start":{"line":174,"column":20},"end":{"line":174,"column":43}},"50":{"start":{"line":175,"column":20},"end":{"line":178,"column":23}},"51":{"start":{"line":179,"column":20},"end":{"line":181,"column":22}},"52":{"start":{"line":188,"column":16},"end":{"line":192,"column":34}},"53":{"start":{"line":194,"column":12},"end":{"line":199,"column":14}},"54":{"start":{"line":201,"column":12},"end":{"line":204,"column":14}},"55":{"start":{"line":206,"column":12},"end":{"line":206,"column":27}},"56":{"start":{"line":208,"column":12},"end":{"line":208,"column":60}},"57":{"start":{"line":209,"column":12},"end":{"line":209,"column":24}},"58":{"start":{"line":219,"column":25},"end":{"line":219,"column":85}},"59":{"start":{"line":221,"column":8},"end":{"line":226,"column":9}},"60":{"start":{"line":222,"column":12},"end":{"line":224,"column":14}},"61":{"start":{"line":225,"column":12},"end":{"line":225,"column":19}},"62":{"start":{"line":228,"column":8},"end":{"line":235,"column":11}},"63":{"start":{"line":237,"column":8},"end":{"line":239,"column":10}},"64":{"start":{"line":248,"column":8},"end":{"line":251,"column":11}},"65":{"start":{"line":257,"column":20},"end":{
[...]
tart":{"line":30,"column":8},"end":{"line":30,"column":53}},"6":{"start":{"line":34,"column":8},"end":{"line":34,"column":75}},"7":{"start":{"line":38,"column":8},"end":{"line":38,"column":58}},"8":{"start":{"line":42,"column":8},"end":{"line":42,"column":57}},"9":{"start":{"line":46,"column":8},"end":{"line":46,"column":51}},"10":{"start":{"line":50,"column":0},"end":{"line":50,"column":79}},"11":{"start":{"line":53,"column":0},"end":{"line":53,"column":66}},"12":{"start":{"line":56,"column":0},"end":{"line":61,"column":2}},"13":{"start":{"line":62,"column":0},"end":{"line":62,"column":54}},"14":{"start":{"line":63,"column":0},"end":{"line":63,"column":53}},"15":{"start":{"line":66,"column":0},"end":{"line":71,"column":2}},"16":{"start":{"line":72,"column":0},"end":{"line":72,"column":61}},"17":{"start":{"line":75,"column":0},"end":{"line":80,"column":2}},"18":{"start":{"line":81,"column":0},"end":{"line":81,"column":75}},"19":{"start":{"line":82,"column":0},"end":{"line":82,"column":71}},"20":{"start":{"line":85,"column":0},"end":{"line":90,"column":2}},"21":{"start":{"line":91,"column":0},"end":{"line":91,"column":60}},"22":{"start":{"line":92,"column":0},"end":{"line":92,"column":55}},"23":{"start":{"line":95,"column":0},"end":{"line":100,"column":2}},"24":{"start":{"line":101,"column":0},"end":{"line":101,"column":59}},"25":{"start":{"line":102,"column":0},"end":{"line":102,"column":54}},"26":{"start":{"line":105,"column":0},"end":{"line":110,"column":2}},"27":{"start":{"line":111,"column":0},"end":{"line":111,"column":59}},"28":{"start":{"line":113,"column":0},"end":{"line":113,"column":44}}},"fnMap":{"0":{"name":"(anonymous_0)","decl":{"start":{"line":20,"column":4},"end":{"line":20,"column":5}},"loc":{"start":{"line":20,"column":37},"end":{"line":22,"column":5}},"line":20},"1":{"name":"(anonymous_1)","decl":{"start":{"line":24,"column":4},"end":{"line":24,"column":5}},"loc":{"start":{"line":24,"column":28},"end":{"line":27,"column":5}},"line":24},"2":{"name":"(anonymous_2)","decl":{"start":{"line":29,"column":4},"end":{"line":29,"column":5}},"loc":{"start":{"line":29,"column":23},"end":{"line":31,"column":5}},"line":29},"3":{"name":"(anonymous_3)","decl":{"start":{"line":33,"column":4},"end":{"line":33,"column":5}},"loc":{"start":{"line":33,"column":45},"end":{"line":35,"column":5}},"line":33},"4":{"name":"(anonymous_4)","decl":{"start":{"line":37,"column":4},"end":{"line":37,"column":5}},"loc":{"start":{"line":37,"column":28},"end":{"line":39,"column":5}},"line":37},"5":{"name":"(anonymous_5)","decl":{"start":{"line":41,"column":4},"end":{"line":41,"column":5}},"loc":{"start":{"line":41,"column":27},"end":{"line":43,"column":5}},"line":41},"6":{"name":"(anonymous_6)","decl":{"start":{"line":45,"column":4},"end":{"line":45,"column":5}},"loc":{"start":{"line":45,"column":21},"end":{"line":47,"column":5}},"line":45}},"branchMap":{"0":{"loc":{"start":{"line":25,"column":31},"end":{"line":25,"column":97}},"type":"binary-expr","locations":[{"start":{"line":25,"column":31},"end":{"line":25,"column":66}},{"start":{"line":25,"column":70},"end":{"line":25,"column":89}},{"start":{"line":25,"column":93},"end":{"line":25,"column":97}}],"line":25}},"s":{"0":0,"1":0,"2":0,"3":0,"4":0,"5":0,"6":0,"7":0,"8":0,"9":0,"10":0,"11":0,"12":0,"13":0,"14":0,"15":0,"16":0,"17":0,"18":0,"19":0,"20":0,"21":0,"22":0,"23":0,"24":0,"25":0,"26":0,"27":0,"28":0},"f":{"0":0,"1":0,"2":0,"3":0,"4":0,"5":0,"6":0},"b":{"0":[0,0,0]}}
,"/home/uzair-sajjad/Projects/wizdaa-assessment/src/modules/leave-request/leave-request.entity.js": {"path":"/home/uzair-sajjad/Projects/wizdaa-assessment/src/modules/leave-request/leave-request.entity.js","statementMap":{"0":{"start":{"line":1,"column":25},"end":{"line":1,"column":43}},"1":{"start":{"line":19,"column":21},"end":{"line":146,"column":2}},"2":{"start":{"line":148,"column":0},"end":{"line":148,"column":34}}},"fnMap":{},"branchMap":{},"s":{"0":1,"1":1,"2":1},"f":{},"b":{},"_coverageSchema":"1a1c01bbd47fc00a2c39e90264f33305004495a9","hash":"f1622b4faaca3ce313eda4304e057813b82f76c0"}
,"/home/uzair-sajjad/Projects/wizdaa-assessment/src/modules/leave-request/leave-request.module.js": {"path":"/home/uzair-sajjad/Projects/wizdaa-assessment/src/modules/leave-request/leave-request.module.js","statementMap":{"0":{"start":{"line":1,"column":31},"end":{"line":1,"column":56}},"1":{"start":{"line":2,"column":26},"end":{"line":2,"column":52}},"2":{"start":{"line":3,"column":25},"end":{"line":3,"column":58}},"3":{"start":{"line":4,"column":32},"end":{"line":4,"column":66}},"4":{"start":{"line":5,"column":35},"end":{"line":5,"column":72}},"5":{"start":{"line":6,"column":26},"end":{"line":6,"column":62}},"6":{"start":{"line":7,"column":27},"end":{"line":7,"column":65}},"7":{"start":{"line":8,"column":26},"end":{"line":8,"column":64}},"8":{"start":{"line":16,"column":0},"end":{"line":31,"column":2}},"9":{"start":{"line":23,"column":33},"end":{"line":23,"column":46}},"10":{"start":{"line":33,"column":0},"end":{"line":33,"column":40}}},"fnMap":{"0":{"name":"(anonymous_0)","decl":{"start":{"line":23,"column":27},"end":{"line":23,"column":28}},"loc":{"start":{"line":23,"column":33},"end":{"line":23,"column":46}},"line":23}},"branchMap":{},"s":{"0":0,"1":0,"2":0,"3":0,"4":0,"5":0,"6":0,"7":0,"8":0,"9":0,"10":0},"f":{"0":0},"b":{}}
,"/home/uzair-sajjad/Projects/wizdaa-assessment/src/modules/leave-request/leave-request.service.js": {"path":"/home/uzair-sajjad/Projects/wizdaa-assessment/src/modules/leave-request/leave-request.service.js","statementMap":{"0":{"start":{"line":7,"column":4},"end":{"line":7,"column":29}},"1":{"start":{"line":8,"column":23},"end":{"line":8,"column":38}},"2":{"start":{"line":9,"column":25},"end":{"line":9,"column":58}},"3":{"start":{"line":10,"column":57},"end":{"line":10,"column":86}},"4":{"start":{"line":11,"column":53},"end":{"line":11,"column":93}},"5":{"start":{"line":29,"column":26},"end":{"line":355,"column":1}},"6":{"start":{"line":31,"column":8},"end":{"line":31,"column":61}},"7":{"start":{"line":32,"column":8},"end":{"line":32,"column":45}},"8":{"start":{"line":33,"column":8},"end":{"line":33,"column":47}},"9":{"start":{"line":34,"column":8},"end":{"line":34,"column":45}},"10":{"start":{"line":35,"column":8},"end":{"line":35,"column":56}},"11":{"start":{"line":54,"column":25},"end":{"line":54,"column":82}},"12":{"start":{"line":55,"column":27},"end":{"line":55,"column":66}},"13":{"start":{"line":58,"column":8},"end":{"line":63,"column":9}},"14":{"start":{"line":59,"column":12},"end":{"line":62,"column":15}},"15":{"start":{"line":66,"column":31},"end":{"line":66,"column":76}},"16":{"start":{"line":67,"column":8},"end":{"line":72,"column":9}},"17":{"start":{"line":68,"column":12},"end":{"line":71,"column":15}},"18":{"start":{"line":74,"column":26},"end":{"line":74,"column":75}},"19":{"start":{"line":77,"column":8},"end":{"line":85,"column":9}},"20":{"start":{"line":78,"column":29},"end":{"line":80,"column":14}},"21":{"start":{"line":81,"column":12},"end":{"line":84,"column":13}},"22":{"start":{"line":82,"column":16},"end":{"line":82,"column":101}},"23":{"start":{"line":83,"column":16},"end":{"line":83,"column":32}},"24":{"start":{"line":88,"column":28},"end":{"line":92,"column":9}},"25":{"start":{"line":93,"column":8},"end":{"line":102,"column":9}},"26":{"start":{"line":94,"column":12},"end":{"line":101,"column":15}},"27":{"start":{"line":105,"column":8},"end":{"line":110,"column":10}},"28":{"start":{"line":113,"column":29},"end":{"line":126,"column":10}},"29":{"start":{"line":128,"column":22},"end":{"line":128,"column":74}},"30":{"start":{"line":129,"column":8},"end":{"line":131,"column":10}},"31":{"start":{"line":133,"column":8},"end":{"line":133,"column":21}},"32":{"start":{"line":150,"column":24},"end":{"line":150,"column":64}},"33":{"start":{"line":152,"column":8},"end":{"line":157,"column":9}},"34":{"start":{"line":153,"column":12},"end":{"line":156,"column":15}},"35":{"start":{"line":160,"column":8},"end":{"line":165,"column":10}},"36":{"start":{"line":168,"column":8},"end":{"line":168,"column":53}},"37":{"start":{"line":169,"column":8},"end":{"line":169,"column":44}},"38":{"start":{"line":170,"column":8},"end":{"line":170,"column":40}},"39":{"start":{"line":171,"column":8},"end":{"line":171,"column":52}},"40":{"start":{"line":173,"column":22},"end":{"line":173,"column":69}},"41":{"start":{"line":174,"column":8},"end":{"line":174,"column":63}},"42":{"start":{"line":177,"column":8},"end":{"line":179,"column":11}},"43":{"start":{"line":178,"column":12},"end":{"line":178,"column":96}},"44":{"start":{"line":181,"column":8},"end":{"line":181,"column":21}},"45":{"start":{"line":192,"column":24},"end":{"line":192,"column":64}},"46":{"start":{"line":194,"column":8},"end":{"line":199,"column":9}},"47":{"start":{"line":195,"column":12},"end":{"line":198,"column":15}},"48":{"start":{"line":202,"column":8},"end":{"line":207,"column":10}},"49":{"start":{"line":209,"column":8},"end":{"line":209,"column":53}},"50":{"start":{"line":210,"column":8},"end":{"line":210,"column":44}},"51":{"start":{"line":211,"column":8},"end":{"line":211,"column":40}},"52":{"start":{"line":212,"column":8},"end":{"line":212,"column":44}},"53":{"start":{"line":214,"column":22},"end":{"line":214,"column":69}},"54":{"start":{"line":215,"column":8},"end":{"line":215,"column":63}},"55":{"start":{"line":217,"column":8},"end":{"line":217,"column":21}},"56":{"start":{"line":227,"column":24},"end":{"line":227,"column":64}},"57":{"start":{"line":229,"column":8},"end":{"line":234,"column":9}},"58":{"start":{"line":230,"column":12},"end":{"line":233,"column":15}},"59":{"start":{"line":237,"column":8},"end":{"line":251,"column":9}},"60":{"start":{"line":238,"column":12},"end":{"line":243,"column":14}},"61":{"start":{"line":244,"column":15},"end":{"line":251,"column":9}},"62":{"start":{"line":245,"column":12},"end":{"line":250,"column":14}},"63":{"start":{"line":253,"column":8},"end":{"line":253,"column":54}},"64":{"start":{"line":254,"column":22},"end":{"line":254,"column":69}},"65":{"start":{"line":255,"column":8},"end":{"line":255,"column":88}},"66":{"start":{"line":257,"column":8},"end":{"line":257,"column":21}},"67":{"start":{"line":266,"column":8},"end":{"line":266,"column":43}},"68":{"start":{"line":276,"column":22},"end":{"line":276,"column":36}},"69":{"start":{"line":277,"column":8},"end":{"line":279,"column":9}},"70":{"start":{"line":278,"column":12},"end":{"line":278,"column":34}},"71":{"start":{"line":280,"column":8},"end":{"line":283,"column":11}},"72":{"start":{"line":291,"column":8},"end":{"line":294,"column":11}},"73":{"start":{"line":302,"column":8},"end":{"line":310,"column":23}},"74":{"start":{"line":318,"column":24},"end":{"line":320,"column":10}},"75":{"start":{"line":321,"column":8},"end":{"line":326,"column":9}},"76":{"start":{"line":322,"column":12},"end":{"line":325,"column":15}},"77":{"start":{"line":327,"column":8},"end":{"line":327,"column":23}},"78":{"start":{"line":336,"column":8},"end":{"line":336,"column":41}},"79":{"start":{"line":336,"column":34},"end":{"line":336,"column":41}},"80":{"start":{"line":338,"column":8},"end":{"line":353,"column":9}},"81":{"start":{"line":339,"column":12},"end":{"line":339,"column":58}},"82":{"start":{"line":340,"column":12},"end":{"line":340,"column":41}},"83":{"start":{"line":341,"column":12},"end":{"line":341,"column":60}},"84":{"start":{"line":343,"column":12},"end":{"line":343,"column":67}},"85":{"start":{"line":345,"column":12},"end":{"line":345,"column":57}},"86":{"start":{"line":346,"column":12},"end":{"line":346,"column":40}},"87":{"start":{"line":347,"column":12},"end":{"line":347,"column":60}},"88":{"start":{"line":349,"column":12},"end":{"line":349,"column":57}},"89":{"start":{"line":350,"column":12},"end":{"line":350,"column":49}},"90":{"start":{"line":351,"column":12},"end":{"line":351,"column":60}},"91":{"start":{"line":352,"column":12},"end":{"line":352,"column":24}},"92":{"start":{"line":357,"column":19},"end":{"line":357,"column":44}},"93":{"start":{"line":358,"column":31},"end":{"line":358,"column":57}},"94":{"start":{"line":359,"column":27},"end":{"line":359,"column":64}},"95":{"start":{"line":360,"column":28},"end":{"line":360,"column":67}},"96":{"start":{"line":361,"column":27},"end":{"line":361,"column":66}},"97":{"start":{"line":363,"column":0},"end":{"line":363,"column":54}},"98":{"start":{"line":364,"column":0},"end":{"line":364,"column":76}},"99":{"start":{"line":365,"column":0},"end":{"line":365,"column":58}},"100":{"start":{"line":366,"column":0},"end":{"line":366,"column":59}},"101":{"start":{"line":367,"column":0},"end":{"line":367,"column":58}},"102":{"start":{"line":369,"column":0},"end":{"line":369,"column":41}}},"fnMap":{"0":{"name":"(anonymous_0)","decl":{"start":{"line":30,"column":4},"end":{"line":30,"column":5}},"loc":{"start":{"line":30,"column":89},"end":{"line":36,"column":5}},"line":30},"1":{"name":"(anonymous_1)","decl":{"start":{"line":52,"column":4},"end":{"line":52,"column":5}},"loc":{"start":{"line":52,"column":38},"end":{"line":134,"column":5}},"line":52},"2":{"name":"(anonymous_2)","decl":{"start":{"line":149,"column":4},"end":{"line":149,"column":5}},"loc":{"start":{"line":149,"column":34},"end":{"line":182,"column":5}},"line":149},"3":{"name":"(anonymous_3)","decl":{"start":{"line":177,"column":42},"end":{"line":177,"column":43}},"loc":{"start":{"line":177,"column":51},"end":{"line":179,"column":9}},"line":177},"4":{"name":"(anonymous_4)","decl":{"start":{"line":191,"column":4},"end":{"line":191,"column":5}},"loc":{"start":{"line":191,"column":33},"end":{"line":218,"column":5}},"line":191},"5":{"name":"(anonymous_5)","decl":{"start":{"line":226,"column":4},"end":{"line":226,"column":5}},"loc":{"start":{"line":226,"column":28},"end":{"line":258,"column":5}},"line":226},"6":{"name":"(anonymous_6)","decl":{"start":{"line":265,"column":4},"end":{"line":265,"column":5}},"loc":{"start":{"line":265,"column":23},"end":{"line":267,"column":5}},"line":265},"7":{"name":"(anonymous_7)","decl":{"start":{"line":275,"column":4},"end":{"line":275,"column":5}},"loc":{"start":{"line":275,"column":45},"end":{"line":284,"column":5}},"line":275},"8":{"name":"(anonymous_8)","decl":{"start":{"line":290,"column":4},"end":{"line":290,"column":5}},"loc":{"start":{"line":290,"column":30},"end":{"line":295,"column":5}},"line":290},"9":{"name":"(anonymous_9)","decl":{"start":{"line":301,"column":4},"end":{"line":301,"column":5}},"loc":{"start":{"line":301,"column":59},"end":{"line":311,"column":5}},"line":301},"10":{"name":"(anonymous_10)","decl":{"start":{"line":317,"column":4},"end":{"line":317,"column":5}},"loc":{"start":{"line":317,"column":33},"end":{"line":328,"column":5}},"line":317},"11":{"name":"(anonymous_11)","decl":{"start":{"line":335,"column":4},"end":{"line":335,"column":5}},"loc":{"start":{"line":335,"column":35},"end":{"line":354,"column":5}},"line":335}},"branchMap":{"0":{"loc":{"start":{"line":55,"column":27},"end":{"line":55,"column":66}},"type":"binary-expr","locations":[{"start":{"line":55,"column":27},"end":{"line":55,"column":41}},{"start":{"line":55,"column":45},"end":{"line":55,"column":66}}],"line":55},"1":{"loc":{"start":{"line":58,"column":8},"end":{"line":63,"column":9}},"type":"if","locations":[{"start":{"line":58,"column":8},"end":{"line":63,"column":9}},{"start":{},"end":{}}],"line":58},"2":{"loc":{"start":{"line":67,"column":8},"end":{"line":72,"column":9}},"type":"if","locations":[{"start":{"line":67,"column":8},"end":{"line":72,"column":9}},{"start":{},"end":{}}],"line":67},"3":{"loc":{"start":{"line":77,"column":8},"end":{"line":85,"column":9}},"type":"if","locations":[{"start":{"line":77,"column":8},"end":{"line":85,"column":9}},{"start":{},"end":{}}],"line":77},"4":{"loc":{"start":{"line":81,"column":12},"end":{"line":84,"column":13}},"type":"if","locations":[{"start":{"line":81,"column":12},"end":{"line":84,"column":13}},{"start":{},"end":{}}],"line":81},"5":{"loc":{"start":{"line":93,"column":8},"end":{"line":102,"column":9}},"type":"if","locations":[{"start":{"line":93,"column":8},"end":{"line":102,"column":9}},{"start":{},"end":{}}],"line":93},"6":{"loc":{"start":{"line":115,"column":28},"end":{"line":115,"column":50}},"type":"binary-expr","locations":[{"start":{"line":115,"column":28},"end":{"line":115,"column":42}},{"start":{"line":115,"column":46},"end":{"line":115,"column":50}}],"line":115},"7":{"loc":{"start":{"line":123,"column":20},"end":{"line":123,"column":38}},"type":"binary-expr","locations":[{"start":{"line":123,"column":20},"end":{"line":123,"column":30}},{"start":{"line":123,"column":34},"end":{"line":123,"column":38}}],"line":123},"8":{"loc":{"start":{"line":152,"column":8},"end":{"line":157,"column":9}},"type":"if","locations":[{"start":{"line":152,"column":8},"end":{"line":157,"column":9}},{"start":{},"end":{}}],"line":152},"9":{"loc":{"start":{"line":171,"column":29},"end":{"line":171,"column":51}},"type":"binary-expr","locations":[{"start":{"line":171,"column":29},"end":{"line":171,"column":43}},{"start":{"line":171,"column":47},"end":{"line":171,"column":51}}],"line":171},"10":{"loc":{"start":{"line":194,"column":8},"end":{"line":199,"column":9}},"type":"if","locations":[{"start":{"line":194,"column":8},"end":{"line":199,"column":9}},{"start":{},"end":{}}],"line":194},"11":{"loc":{"start":{"line":229,"column":8},"end":{"line":234,"column":9}},"type":"if","locations":[{"start":{"line":229,"column":8},"end":{"line":234,"column":9}},{"start":{},"end":{}}],"line":229},"12":{"loc":{"start":{"line":237,"column":8},"end":{"line":251,"column":9}},"type":"if","locations":[{"start":{"line":237,"column":8},"end":{"line":251,"column":9}},{"start":{"line":244,"column":15},"end":{"line":251,"column":9}}],"line":237},"13":{"loc":{"start":{"line":244,"column":15},"end":{"line":251,"column":9}},"type":"if","locations":[{"start":{"line":244,"column":15},"end":{"line":251,"column":9}},{"start":{},"end":{}}],"line":244},"14":{"loc":{"start":{"line":277,"column":8},"end":{"line":279,"column":9}},"type":"if","locations":[{"start":{"line":277,"column":8},"end":{"line":279,"column":9}},{"start":{},"end":{}}],"line":277},"15":{"loc":{"start":{"line":321,"column":8},"end":{"line":326,"column":9}},"type":"if","locations":[{"start":{"line":321,"column":8},"end":{"line":326,"column":9}},{"start":{},"end":{}}],"line":321},"16":{"loc":{"start":{"line":336,"column":8},"end":{"line":336,"column":41}},"type":"if","locations":[{"start":{"line":336,"column":8},"end":{"line":336,"column":41}},{"start":{},"end":{}}],"line":336}},"s":{"0":1,"1":1,"2":1,"3":1,"4":1,"5":1,"6":12,"7":12,"8":12,"9":12,"10":12,"11":5,"12":5,"13":5,"14":1,"15":4,"16":4,"17":1,"18":3,"19":3,"20":1,"21":1,"22":1,"23":1,"24":2,"25":2,"26":1,"27":1,"28":1,"29":1,"30":1,"31":1,"32":3,"33":2,"34":1,"35":1,"36":1,"37":1,"38":1,"39":1,"40":1,"41":1,"42":1,"43":0,"44":1,"45":1,"46":1,"47":0,"48":1,"49":1,"50":1,"51":1,"52":1,"53":1,"54":1,"55":1,"56":3,"57":3,"58":1,"59":2,"60":1,"61":1,"62":1,"63":2,"64":2,"65":2,"66":2,"67":0,"68":0,"69":0,"70":0,"71":0,"72":0,"73":2,"74":7,"75":7,"76":1,"77":6,"78":1,"79":0,"80":1,"81":1,"82":1,"83":1,"84":1,"85":1,"86":1,"87":1,"88":0,"89":0,"90":0,"91":0,"92":1,"93":1,"94":1,"95":1,"96":1,"97":1,"98":1,"99":1,"100":1,"101":1,"102":1},"f":{"0":12,"1":5,"2":3,"3":0,"4":1,"5":3,"6":0,"7":0,"8":0,"9":2,"10":7,"11":1},"b":{"0":[5,5],"1":[1,4],"2":[1,3],"3":[1,2],"4":[1,0],"5":[1,1],"6":[1,1],"7":[1,0],"8":[1,1],"9":[1,0],"10":[0,1],"11":[1,2],"12":[1,1],"13":[1,0],"14":[0,0],"15":[1,6],"16":[0,1]},"_coverageSchema":"1a1c01bbd47fc00a2c39e90264f33305004495a9","hash":"ccc56b9dc8b2f9f4675719448f01f232375f7b2d"}
,"/home/uzair-sajjad/Projects/wizdaa-assessment/src/modules/leave-request/dto/index.js": {"path":"/home/uzair-sajjad/Projects/wizdaa-assessment/src/modules/leave-request/dto/index.js","statementMap":{"0":{"start":{"line":28,"column":0},"end":{"line":28,"column":90}}},"fnMap":{},"branchMap":{},"s":{"0":0},"f":{},"b":{}}
}
