TN:
SF:src/app.module.js
FN:20,(anonymous_0)
FNF:1
FNH:0
FNDA:0,(anonymous_0)
DA:1,0
DA:2,0
DA:3,0
DA:4,0
DA:5,0
DA:6,0
DA:7,0
DA:8,0
DA:9,0
DA:22,0
DA:28,0
DA:47,0
LF:12
LH:0
BRF:0
BRH:0
end_of_record
TN:
SF:src/common/enums/index.js
FNF:0
FNH:0
DA:10,2
DA:29,2
DA:43,2
DA:53,2
DA:62,2
DA:69,2
LF:6
LH:6
BRF:0
BRH:0
end_of_record
TN:
SF:src/common/filters/http-exception.filter.js
FN:9,(anonymous_0)
FN:69,(anonymous_1)
FNF:2
FNH:0
FNDA:0,(anonymous_0)
FNDA:0,(anonymous_1)
DA:1,0
DA:8,0
DA:10,0
DA:11,0
DA:12,0
DA:14,0
DA:15,0
DA:16,0
DA:17,0
DA:19,0
DA:20,0
DA:21,0
DA:23,0
DA:24,0
DA:25,0
DA:26,0
DA:27,0
DA:28,0
DA:31,0
DA:32,0
DA:33,0
DA:34,0
DA:39,0
DA:48,0
DA:63,0
DA:70,0
DA:80,0
DA:84,0
DA:86,0
LF:29
LH:0
BRDA:19,0,0,0
BRDA:19,0,1,0
BRDA:23,1,0,0
BRDA:23,1,1,0
BRDA:25,2,0,0
BRDA:25,2,1,0
BRDA:26,3,0,0
BRDA:26,3,1,0
BRDA:27,4,0,0
BRDA:27,4,1,0
BRDA:28,5,0,0
BRDA:28,5,1,0
BRDA:31,6,0,0
BRDA:31,6,1,0
BRDA:43,7,0,0
BRDA:43,7,1,0
BRDA:53,8,0,0
BRDA:53,8,1,0
BRDA:59,9,0,0
BRDA:59,9,1,0
BRDA:80,10,0,0
BRDA:80,10,1,0
BRF:22
BRH:0
end_of_record
TN:
SF:src/common/guards/api-key.guard.js
FN:11,(anonymous_0)
FN:24,(anonymous_1)
FN:29,(anonymous_2)
FNF:3
FNH:0
FNDA:0,(anonymous_0)
FNDA:0,(anonymous_1)
FNDA:0,(anonymous_2)
DA:1,0
DA:2,0
DA:3,0
DA:5,0
DA:11,0
DA:12,0
DA:13,0
DA:23,0
DA:25,0
DA:26,0
DA:31,0
DA:36,0
DA:37,0
DA:40,0
DA:41,0
DA:42,0
DA:44,0
DA:46,0
DA:49,0
DA:50,0
DA:56,0
DA:57,0
DA:63,0
DA:67,0
DA:69,0
LF:25
LH:0
BRDA:36,0,0,0
BRDA:36,0,1,0
BRDA:44,1,0,0
BRDA:44,1,1,0
BRDA:49,2,0,0
BRDA:49,2,1,0
BRDA:56,3,0,0
BRDA:56,3,1,0
BRF:8
BRH:0
end_of_record
TN:
SF:src/common/interceptors/logging.interceptor.js
FN:13,(anonymous_0)
FN:17,(anonymous_1)
FN:37,(anonymous_2)
FN:43,(anonymous_3)
FNF:4
FNH:0
FNDA:0,(anonymous_0)
FNDA:0,(anonymous_1)
FNDA:0,(anonymous_2)
FNDA:0,(anonymous_3)
DA:1,0
DA:2,0
DA:12,0
DA:14,0
DA:18,0
DA:19,0
DA:20,0
DA:21,0
DA:23,0
DA:28,0
DA:29,0
DA:30,0
DA:31,0
DA:32,0
DA:35,0
DA:38,0
DA:39,0
DA:44,0
DA:45,0
DA:54,0
DA:56,0
LF:21
LH:0
BRDA:20,0,0,0
BRDA:20,0,1,0
BRDA:28,1,0,0
BRDA:28,1,1,0
BRDA:28,2,0,0
BRDA:28,2,1,0
BRF:6
BRH:0
end_of_record
TN:
SF:src/common/interceptors/transform.interceptor.js
FN:16,(anonymous_0)
FN:20,(anonymous_1)
FNF:2
FNH:0
FNDA:0,(anonymous_0)
FNDA:0,(anonymous_1)
DA:1,0
DA:2,0
DA:15,0
DA:17,0
DA:19,0
DA:20,0
DA:33,0
DA:35,0
LF:8
LH:0
BRDA:26,0,0,0
BRDA:26,0,1,0
BRF:2
BRH:0
end_of_record
TN:
SF:src/common/middleware/idempotency.middleware.js
FN:24,(anonymous_0)
FN:30,(anonymous_1)
FN:33,(anonymous_2)
FN:66,(anonymous_3)
FN:86,(anonymous_4)
FNF:5
FNH:0
FNDA:0,(anonymous_0)
FNDA:0,(anonymous_1)
FNDA:0,(anonymous_2)
FNDA:0,(anonymous_3)
FNDA:0,(anonymous_4)
DA:6,0
DA:23,0
DA:25,0
DA:27,0
DA:30,0
DA:35,0
DA:36,0
DA:39,0
DA:42,0
DA:43,0
DA:47,0
DA:48,0
DA:49,0
DA:52,0
DA:65,0
DA:66,0
DA:68,0
DA:69,0
DA:74,0
DA:78,0
DA:80,0
DA:87,0
DA:88,0
DA:89,0
DA:91,0
DA:92,0
DA:93,0
DA:94,0
DA:98,0
DA:99,0
DA:104,0
DA:106,0
LF:32
LH:0
BRDA:35,0,0,0
BRDA:35,0,1,0
BRDA:42,1,0,0
BRDA:42,1,1,0
BRDA:48,2,0,0
BRDA:48,2,1,0
BRDA:68,3,0,0
BRDA:68,3,1,0
BRDA:68,4,0,0
BRDA:68,4,1,0
BRDA:68,4,2,0
BRDA:92,5,0,0
BRDA:92,5,1,0
BRDA:98,6,0,0
BRDA:98,6,1,0
BRF:15
BRH:0
end_of_record
TN:
SF:src/common/utils/date.utils.js
FN:15,calculateBusinessDays
FN:53,validateDateRange
FN:91,normalizeDate
FNF:3
FNH:3
FNDA:14,calculateBusinessDays
FNDA:8,validateDateRange
FNDA:2,normalizeDate
DA:16,14
DA:17,14
DA:20,14
DA:21,14
DA:23,14
DA:24,1
DA:27,13
DA:28,13
DA:30,13
DA:31,123
DA:32,123
DA:33,93
DA:35,123
DA:38,13
DA:54,8
DA:55,8
DA:56,8
DA:57,8
DA:59,8
DA:60,1
DA:63,7
DA:64,0
DA:67,7
DA:68,2
DA:71,5
DA:72,5
DA:73,1
DA:79,4
DA:80,0
DA:83,4
DA:92,2
DA:93,2
DA:96,2
LF:33
LH:31
BRDA:23,0,0,1
BRDA:23,0,1,13
BRDA:32,1,0,93
BRDA:32,1,1,30
BRDA:32,2,0,123
BRDA:32,2,1,112
BRDA:53,3,0,7
BRDA:59,4,0,1
BRDA:59,4,1,7
BRDA:59,5,0,8
BRDA:59,5,1,7
BRDA:63,6,0,0
BRDA:63,6,1,7
BRDA:67,7,0,2
BRDA:67,7,1,5
BRDA:72,8,0,1
BRDA:72,8,1,4
BRDA:79,9,0,0
BRDA:79,9,1,4
BRF:19
BRH:17
end_of_record
TN:
SF:src/common/utils/retry.utils.js
FN:23,retryWithBackoff
FN:28,(anonymous_1)
FN:78,isRetryableError
FN:100,sleep
FN:101,(anonymous_4)
FNF:5
FNH:5
FNDA:4,retryWithBackoff
FNDA:4,(anonymous_1)
FNDA:6,isRetryableError
FNDA:4,sleep
FNDA:4,(anonymous_4)
DA:6,2
DA:8,2
DA:28,4
DA:30,4
DA:34,4
DA:35,8
DA:36,8
DA:37,2
DA:38,1
DA:42,2
DA:44,6
DA:46,6
DA:47,2
DA:50,2
DA:54,4
DA:59,4
DA:64,4
DA:68,0
DA:80,6
DA:81,1
DA:84,5
DA:87,5
DA:88,1
DA:92,4
DA:93,2
DA:97,2
DA:101,4
DA:104,2
LF:28
LH:27
BRDA:23,0,0,0
BRDA:25,1,0,0
BRDA:26,2,0,0
BRDA:27,3,0,4
BRDA:28,4,0,3
BRDA:29,5,0,0
BRDA:37,6,0,1
BRDA:37,6,1,1
BRDA:46,7,0,2
BRDA:46,7,1,4
BRDA:46,8,0,6
BRDA:46,8,1,5
BRDA:80,9,0,1
BRDA:80,9,1,5
BRDA:87,10,0,1
BRDA:87,10,1,4
BRDA:92,11,0,2
BRDA:92,11,1,2
BRF:18
BRH:14
end_of_record
TN:
SF:src/config/database.config.js
FN:18,getDatabaseConfig
FN:35,(anonymous_1)
FNF:2
FNH:0
FNDA:0,getDatabaseConfig
FNDA:0,(anonymous_1)
DA:15,0
DA:16,0
DA:19,0
DA:20,0
DA:21,0
DA:24,0
DA:25,0
DA:28,0
DA:36,0
DA:37,0
DA:38,0
DA:43,0
LF:12
LH:0
BRDA:19,0,0,0
BRDA:19,0,1,0
BRDA:24,1,0,0
BRDA:24,1,1,0
BRF:4
BRH:0
end_of_record
TN:
SF:src/modules/balance/balance.controller.js
FN:19,(anonymous_0)
FN:23,(anonymous_1)
FN:27,(anonymous_2)
FNF:3
FNH:0
FNDA:0,(anonymous_0)
FNDA:0,(anonymous_1)
FNDA:0,(anonymous_2)
DA:8,0
DA:9,0
DA:20,0
DA:24,0
DA:28,0
DA:29,0
DA:34,0
DA:35,0
DA:36,0
DA:41,0
DA:45,0
DA:48,0
DA:51,0
DA:57,0
DA:58,0
DA:61,0
DA:67,0
DA:68,0
DA:69,0
DA:71,0
LF:20
LH:0
BRDA:24,0,0,0
BRDA:24,0,1,0
BRDA:28,1,0,0
BRDA:28,1,1,0
BRDA:35,2,0,0
BRDA:35,2,1,0
BRF:6
BRH:0
end_of_record
TN:
SF:src/modules/balance/balance.entity.js
FNF:0
FNH:0
DA:1,2
DA:15,2
DA:112,2
LF:3
LH:3
BRF:0
BRH:0
end_of_record
TN:
SF:src/modules/balance/balance.module.js
FNF:0
FNH:0
DA:1,0
DA:2,0
DA:3,0
DA:4,0
DA:5,0
DA:9,0
DA:21,0
LF:7
LH:0
BRF:0
BRH:0
end_of_record
TN:
SF:src/modules/balance/balance.service.js
FN:25,(anonymous_0)
FN:38,(anonymous_1)
FN:46,(anonymous_2)
FN:59,(anonymous_3)
FN:79,(anonymous_4)
FN:114,(anonymous_5)
FN:115,(anonymous_6)
FN:158,(anonymous_7)
FN:159,(anonymous_8)
FN:191,(anonymous_9)
FN:192,(anonymous_10)
FN:217,(anonymous_11)
FN:218,(anonymous_12)
FN:246,(anonymous_13)
FN:274,(anonymous_14)
FN:290,(anonymous_15)
FN:306,(anonymous_16)
FNF:17
FNH:16
FNDA:26,(anonymous_0)
FNDA:4,(anonymous_1)
FNDA:2,(anonymous_2)
FNDA:8,(anonymous_3)
FNDA:12,(anonymous_4)
FNDA:5,(anonymous_5)
FNDA:5,(anonymous_6)
FNDA:3,(anonymous_7)
FNDA:3,(anonymous_8)
FNDA:3,(anonymous_9)
FNDA:3,(anonymous_10)
FNDA:2,(anonymous_11)
FNDA:2,(anonymous_12)
FNDA:4,(anonymous_13)
FNDA:41,(anonymous_14)
FNDA:13,(anonymous_15)
FNDA:0,(anonymous_16)
DA:6,2
DA:7,2
DA:8,2
DA:9,2
DA:10,2
DA:24,2
DA:26,26
DA:27,26
DA:28,26
DA:39,4
DA:40,4
DA:41,1
DA:44,4
DA:46,4
DA:60,8
DA:64,8
DA:65,6
DA:68,8
DA:80,12
DA:84,12
DA:85,2
DA:95,2
DA:96,2
DA:99,12
DA:100,12
DA:115,5
DA:116,5
DA:117,5
DA:119,5
DA:120,3
DA:135,2
DA:136,2
DA:137,2
DA:139,2
DA:144,2
DA:159,3
DA:160,3
DA:161,3
DA:162,1
DA:168,2
DA:169,2
DA:170,2
DA:171,2
DA:173,2
DA:178,2
DA:192,3
DA:193,3
DA:194,3
DA:196,2
DA:197,2
DA:198,2
DA:200,2
DA:204,2
DA:218,2
DA:219,2
DA:220,2
DA:222,2
DA:223,2
DA:224,2
DA:226,2
DA:230,2
DA:247,4
DA:248,4
DA:249,4
DA:251,4
DA:252,4
DA:254,4
DA:255,4
DA:257,4
DA:259,4
DA:260,4
DA:266,4
DA:275,41
DA:291,13
DA:292,13
DA:293,13
DA:297,4
DA:301,4
DA:302,0
DA:306,0
DA:307,0
DA:310,4
DA:316,2
DA:317,2
DA:319,2
DA:320,2
DA:322,2
LF:87
LH:84
BRDA:40,0,0,1
BRDA:40,0,1,3
BRDA:64,1,0,6
BRDA:64,1,1,2
BRDA:84,2,0,2
BRDA:84,2,1,10
BRDA:119,3,0,3
BRDA:119,3,1,2
BRDA:161,4,0,1
BRDA:161,4,1,2
BRDA:194,5,0,1
BRDA:194,5,1,2
BRDA:220,6,0,0
BRDA:220,6,1,2
BRDA:259,7,0,4
BRDA:259,7,1,0
BRDA:259,8,0,4
BRDA:259,8,1,1
BRDA:297,9,0,4
BRDA:297,9,1,4
BRDA:297,9,2,4
BRDA:301,10,0,0
BRDA:301,10,1,4
BRDA:301,11,0,4
BRDA:301,11,1,0
BRF:25
BRH:21
end_of_record
TN:
SF:src/modules/employee/employee.controller.js
FN:20,(anonymous_0)
FN:24,(anonymous_1)
FN:28,(anonymous_2)
FN:32,(anonymous_3)
FN:36,(anonymous_4)
FNF:5
FNH:0
FNDA:0,(anonymous_0)
FNDA:0,(anonymous_1)
FNDA:0,(anonymous_2)
FNDA:0,(anonymous_3)
FNDA:0,(anonymous_4)
DA:12,0
DA:13,0
DA:21,0
DA:25,0
DA:29,0
DA:33,0
DA:37,0
DA:42,0
DA:45,0
DA:48,0
DA:54,0
DA:57,0
DA:63,0
DA:66,0
DA:72,0
DA:75,0
DA:81,0
DA:82,0
DA:84,0
LF:19
LH:0
BRF:0
BRH:0
end_of_record
TN:
SF:src/modules/employee/employee.entity.js
FNF:0
FNH:0
DA:1,1
DA:13,1
DA:99,1
LF:3
LH:3
BRF:0
BRH:0
end_of_record
TN:
SF:src/modules/employee/employee.module.js
FNF:0
FNH:0
DA:1,0
DA:2,0
DA:3,0
DA:4,0
DA:5,0
DA:9,0
DA:21,0
LF:7
LH:0
BRF:0
BRH:0
end_of_record
TN:
SF:src/modules/employee/employee.service.js
FN:20,(anonymous_0)
FN:30,(anonymous_1)
FN:76,(anonymous_2)
FN:94,(anonymous_3)
FN:105,(anonymous_4)
FN:119,(anonymous_5)
FN:142,(anonymous_6)
FNF:7
FNH:0
FNDA:0,(anonymous_0)
FNDA:0,(anonymous_1)
FNDA:0,(anonymous_2)
FNDA:0,(anonymous_3)
FNDA:0,(anonymous_4)
FNDA:0,(anonymous_5)
FNDA:0,(anonymous_6)
DA:6,1
DA:7,1
DA:8,1
DA:9,1
DA:19,1
DA:21,0
DA:22,0
DA:32,0
DA:35,0
DA:36,0
DA:43,0
DA:44,0
DA:47,0
DA:48,0
DA:55,0
DA:65,0
DA:66,0
DA:67,0
DA:77,0
DA:80,0
DA:81,0
DA:86,0
DA:95,0
DA:106,0
DA:107,0
DA:108,0
DA:110,0
DA:120,0
DA:123,0
DA:124,0
DA:125,0
DA:126,0
DA:127,0
DA:128,0
DA:129,0
DA:131,0
DA:132,0
DA:143,0
DA:144,0
DA:145,0
DA:150,0
DA:155,1
DA:156,1
DA:158,1
DA:159,1
DA:161,1
LF:46
LH:10
BRDA:35,0,0,0
BRDA:35,0,1,0
BRDA:43,1,0,0
BRDA:43,1,1,0
BRDA:47,2,0,0
BRDA:47,2,1,0
BRDA:60,3,0,0
BRDA:60,3,1,0
BRDA:61,4,0,0
BRDA:61,4,1,0
BRDA:62,5,0,0
BRDA:62,5,1,0
BRDA:80,6,0,0
BRDA:80,6,1,0
BRDA:107,7,0,0
BRDA:107,7,1,0
BRDA:124,8,0,0
BRDA:124,8,1,0
BRDA:125,9,0,0
BRDA:125,9,1,0
BRDA:126,10,0,0
BRDA:126,10,1,0
BRDA:127,11,0,0
BRDA:127,11,1,0
BRDA:128,12,0,0
BRDA:128,12,1,0
BRDA:129,13,0,0
BRDA:129,13,1,0
BRDA:144,14,0,0
BRDA:144,14,1,0
BRF:30
BRH:0
end_of_record
TN:
SF:src/modules/employee/dto/index.js
FNF:0
FNH:0
DA:1,0
DA:19,0
DA:36,0
LF:3
LH:0
BRF:0
BRH:0
end_of_record
TN:
SF:src/modules/hcm-sync/hcm-client.service.js
FN:18,(anonymous_0)
FN:48,(anonymous_1)
FN:50,(anonymous_2)
FN:80,(anonymous_3)
FN:82,(anonymous_4)
FN:106,(anonymous_5)
FN:108,(anonymous_6)
FN:130,(anonymous_7)
FNF:8
FNH:0
FNDA:0,(anonymous_0)
FNDA:0,(anonymous_1)
FNDA:0,(anonymous_2)
FNDA:0,(anonymous_3)
FNDA:0,(anonymous_4)
FNDA:0,(anonymous_5)
FNDA:0,(anonymous_6)
FNDA:0,(anonymous_7)
DA:1,1
DA:2,1
DA:3,1
DA:17,1
DA:19,0
DA:20,0
DA:21,0
DA:22,0
DA:23,0
DA:24,0
DA:26,0
DA:49,0
DA:51,0
DA:53,0
DA:62,0
DA:63,0
DA:81,0
DA:83,0
DA:85,0
DA:89,0
DA:90,0
DA:107,0
DA:109,0
DA:111,0
DA:113,0
DA:114,0
DA:131,0
DA:132,0
DA:135,0
DA:136,0
DA:143,1
DA:145,1
LF:32
LH:6
BRDA:20,0,0,0
BRDA:20,0,1,0
BRDA:21,1,0,0
BRDA:21,1,1,0
BRDA:22,2,0,0
BRDA:22,2,1,0
BRDA:23,3,0,0
BRDA:23,3,1,0
BRDA:24,4,0,0
BRDA:24,4,1,0
BRDA:131,5,0,0
BRDA:131,5,1,0
BRDA:135,6,0,0
BRDA:135,6,1,0
BRF:14
BRH:0
end_of_record
TN:
SF:src/modules/hcm-sync/hcm-sync-log.entity.js
FNF:0
FNH:0
DA:1,1
DA:13,1
DA:94,1
LF:3
LH:3
BRF:0
BRH:0
end_of_record
TN:
SF:src/modules/hcm-sync/hcm-sync.controller.js
FN:18,(anonymous_0)
FN:22,(anonymous_1)
FN:26,(anonymous_2)
FN:33,(anonymous_3)
FNF:4
FNH:0
FNDA:0,(anonymous_0)
FNDA:0,(anonymous_1)
FNDA:0,(anonymous_2)
FNDA:0,(anonymous_3)
DA:10,0
DA:11,0
DA:19,0
DA:23,0
DA:27,0
DA:34,0
DA:38,0
DA:41,0
DA:44,0
DA:50,0
DA:53,0
DA:59,0
DA:62,0
DA:68,0
DA:70,0
LF:15
LH:0
BRDA:34,0,0,0
BRDA:34,0,1,0
BRF:2
BRH:0
end_of_record
TN:
SF:src/modules/hcm-sync/hcm-sync.module.js
FNF:0
FNH:0
DA:1,0
DA:2,0
DA:3,0
DA:4,0
DA:5,0
DA:6,0
DA:7,0
DA:8,0
DA:12,0
DA:28,0
LF:10
LH:0
BRF:0
BRH:0
end_of_record
TN:
SF:src/modules/hcm-sync/hcm-sync.service.js
FN:25,(anonymous_0)
FN:44,(anonymous_1)
FN:107,(anonymous_2)
FN:218,(anonymous_3)
FN:247,(anonymous_4)
FN:256,(anonymous_5)
FN:268,(anonymous_6)
FN:276,(anonymous_7)
FNF:8
FNH:0
FNDA:0,(anonymous_0)
FNDA:0,(anonymous_1)
FNDA:0,(anonymous_2)
FNDA:0,(anonymous_3)
FNDA:0,(anonymous_4)
FNDA:0,(anonymous_5)
FNDA:0,(anonymous_6)
FNDA:0,(anonymous_7)
DA:5,1
DA:6,1
DA:7,1
DA:24,1
DA:31,0
DA:32,0
DA:33,0
DA:34,0
DA:35,0
DA:45,0
DA:47,0
DA:49,0
DA:50,0
DA:51,0
DA:58,0
DA:63,0
DA:64,0
DA:65,0
DA:66,0
DA:67,0
DA:75,0
DA:80,0
DA:82,0
DA:86,0
DA:93,0
DA:94,0
DA:108,0
DA:109,0
DA:118,0
DA:120,0
DA:122,0
DA:123,0
DA:126,0
DA:129,0
DA:130,0
DA:132,0
DA:136,0
DA:137,0
DA:140,0
DA:144,0
DA:145,0
DA:149,0
DA:153,0
DA:157,0
DA:158,0
DA:159,0
DA:160,0
DA:168,0
DA:172,0
DA:174,0
DA:175,0
DA:179,0
DA:188,0
DA:194,0
DA:201,0
DA:206,0
DA:208,0
DA:209,0
DA:219,0
DA:221,0
DA:222,0
DA:225,0
DA:228,0
DA:237,0
DA:248,0
DA:257,0
DA:265,0
DA:269,0
DA:270,0
DA:271,0
DA:272,0
DA:273,0
DA:277,0
DA:278,0
DA:279,0
DA:280,0
DA:284,1
DA:285,1
DA:286,1
DA:287,1
DA:288,1
DA:289,1
DA:291,1
DA:292,1
DA:293,1
DA:294,1
DA:295,1
DA:297,1
LF:88
LH:16
BRDA:50,0,0,0
BRDA:50,0,1,0
BRDA:64,1,0,0
BRDA:64,1,1,0
BRDA:64,2,0,0
BRDA:64,2,1,0
BRDA:66,3,0,0
BRDA:66,3,1,0
BRDA:107,4,0,0
BRDA:122,5,0,0
BRDA:122,5,1,0
BRDA:122,6,0,0
BRDA:122,6,1,0
BRDA:136,7,0,0
BRDA:136,7,1,0
BRDA:149,8,0,0
BRDA:149,8,1,0
BRDA:150,9,0,0
BRDA:150,9,1,0
BRDA:157,10,0,0
BRDA:157,10,1,0
BRDA:157,11,0,0
BRDA:157,11,1,0
BRDA:159,12,0,0
BRDA:159,12,1,0
BRDA:188,13,0,0
BRDA:188,13,1,0
BRDA:190,14,0,0
BRDA:190,14,1,0
BRDA:221,15,0,0
BRDA:221,15,1,0
BRDA:247,16,0,0
BRDA:256,17,0,0
BRDA:261,18,0,0
BRDA:261,18,1,0
BRDA:261,19,0,0
BRDA:261,19,1,0
BRF:37
BRH:0
end_of_record
TN:
SF:src/modules/hcm-sync/dto/index.js
FNF:0
FNH:0
DA:13,0
LF:1
LH:0
BRF:0
BRH:0
end_of_record
TN:
SF:src/modules/leave-request/leave-request.controller.js
FN:20,(anonymous_0)
FN:24,(anonymous_1)
FN:29,(anonymous_2)
FN:33,(anonymous_3)
FN:37,(anonymous_4)
FN:41,(anonymous_5)
FN:45,(anonymous_6)
FNF:7
FNH:0
FNDA:0,(anonymous_0)
FNDA:0,(anonymous_1)
FNDA:0,(anonymous_2)
FNDA:0,(anonymous_3)
FNDA:0,(anonymous_4)
FNDA:0,(anonymous_5)
FNDA:0,(anonymous_6)
DA:12,0
DA:13,0
DA:21,0
DA:25,0
DA:26,0
DA:30,0
DA:34,0
DA:38,0
DA:42,0
DA:46,0
DA:50,0
DA:53,0
DA:56,0
DA:62,0
DA:63,0
DA:66,0
DA:72,0
DA:75,0
DA:81,0
DA:82,0
DA:85,0
DA:91,0
DA:92,0
DA:95,0
DA:101,0
DA:102,0
DA:105,0
DA:111,0
DA:113,0
LF:29
LH:0
BRDA:25,0,0,0
BRDA:25,0,1,0
BRDA:25,0,2,0
BRF:3
BRH:0
end_of_record
TN:
SF:src/modules/leave-request/leave-request.entity.js
FNF:0
FNH:0
DA:1,1
DA:19,1
DA:148,1
LF:3
LH:3
BRF:0
BRH:0
end_of_record
TN:
SF:src/modules/leave-request/leave-request.module.js
FN:23,(anonymous_0)
FNF:1
FNH:0
FNDA:0,(anonymous_0)
DA:1,0
DA:2,0
DA:3,0
DA:4,0
DA:5,0
DA:6,0
DA:7,0
DA:8,0
DA:16,0
DA:23,0
DA:33,0
LF:11
LH:0
BRF:0
BRH:0
end_of_record
TN:
SF:src/modules/leave-request/leave-request.service.js
FN:30,(anonymous_0)
FN:52,(anonymous_1)
FN:149,(anonymous_2)
FN:177,(anonymous_3)
FN:191,(anonymous_4)
FN:226,(anonymous_5)
FN:265,(anonymous_6)
FN:275,(anonymous_7)
FN:290,(anonymous_8)
FN:301,(anonymous_9)
FN:317,(anonymous_10)
FN:335,(anonymous_11)
FNF:12
FNH:8
FNDA:12,(anonymous_0)
FNDA:5,(anonymous_1)
FNDA:3,(anonymous_2)
FNDA:0,(anonymous_3)
FNDA:1,(anonymous_4)
FNDA:3,(anonymous_5)
FNDA:0,(anonymous_6)
FNDA:0,(anonymous_7)
FNDA:0,(anonymous_8)
FNDA:2,(anonymous_9)
FNDA:7,(anonymous_10)
FNDA:1,(anonymous_11)
DA:7,1
DA:8,1
DA:9,1
DA:10,1
DA:11,1
DA:29,1
DA:31,12
DA:32,12
DA:33,12
DA:34,12
DA:35,12
DA:54,5
DA:55,5
DA:58,5
DA:59,1
DA:66,4
DA:67,4
DA:68,1
DA:74,3
DA:77,3
DA:78,1
DA:81,1
DA:82,1
DA:83,1
DA:88,2
DA:93,2
DA:94,1
DA:105,1
DA:113,1
DA:128,1
DA:129,1
DA:133,1
DA:150,3
DA:152,2
DA:153,1
DA:160,1
DA:168,1
DA:169,1
DA:170,1
DA:171,1
DA:173,1
DA:174,1
DA:177,1
DA:178,0
DA:181,1
DA:192,1
DA:194,1
DA:195,0
DA:202,1
DA:209,1
DA:210,1
DA:211,1
DA:212,1
DA:214,1
DA:215,1
DA:217,1
DA:227,3
DA:229,3
DA:230,1
DA:237,2
DA:238,1
DA:244,1
DA:245,1
DA:253,2
DA:254,2
DA:255,2
DA:257,2
DA:266,0
DA:276,0
DA:277,0
DA:278,0
DA:280,0
DA:291,0
DA:302,2
DA:318,7
DA:321,7
DA:322,1
DA:327,6
DA:336,1
DA:338,1
DA:339,1
DA:340,1
DA:341,1
DA:343,1
DA:345,1
DA:346,1
DA:347,1
DA:349,0
DA:350,0
DA:351,0
DA:352,0
DA:357,1
DA:358,1
DA:359,1
DA:360,1
DA:361,1
DA:363,1
DA:364,1
DA:365,1
DA:366,1
DA:367,1
DA:369,1
LF:102
LH:90
BRDA:55,0,0,5
BRDA:55,0,1,5
BRDA:58,1,0,1
BRDA:58,1,1,4
BRDA:67,2,0,1
BRDA:67,2,1,3
BRDA:77,3,0,1
BRDA:77,3,1,2
BRDA:81,4,0,1
BRDA:81,4,1,0
BRDA:93,5,0,1
BRDA:93,5,1,1
BRDA:115,6,0,1
BRDA:115,6,1,1
BRDA:123,7,0,1
BRDA:123,7,1,0
BRDA:152,8,0,1
BRDA:152,8,1,1
BRDA:171,9,0,1
BRDA:171,9,1,0
BRDA:194,10,0,0
BRDA:194,10,1,1
BRDA:229,11,0,1
BRDA:229,11,1,2
BRDA:237,12,0,1
BRDA:237,12,1,1
BRDA:244,13,0,1
BRDA:244,13,1,0
BRDA:277,14,0,0
BRDA:277,14,1,0
BRDA:321,15,0,1
BRDA:321,15,1,6
BRDA:336,16,0,0
BRDA:336,16,1,1
BRF:34
BRH:26
end_of_record
TN:
SF:src/modules/leave-request/dto/index.js
FNF:0
FNH:0
DA:28,0
LF:1
LH:0
BRF:0
BRH:0
end_of_record
